[Licensing::Module] Trying to connect to existing licensing client channel...
Built from '6000.3/respin/6000.3.6f1-732c1ec89f18' branch; Version is '6000.3.6f1 (bbb010bdb8a3) revision 12300304'; Using compiler version '194234433'; Build Type 'Release'
OS: 'Windows 11  (10.0.26200) CoreSingleLanguage' Language: 'es' Physical Memory: 24458 MB
[Licensing::IpcConnector] Successfully connected to: "LicenseClient-heibb" at "2026-03-10T19:32:28.8521331Z"
BatchMode: 1, IsHumanControllingUs: 0, StartBugReporterOnCrash: 0, Is64bit: 1
System  architecture: x64
Process architecture: x64
Date: 2026-03-10T19:32:28Z

COMMAND LINE ARGUMENTS:
C:\Program Files\Unity\Hub\Editor\6000.3.6f1\Editor\Unity.exe
-adb2
-batchMode
-noUpm
-name
AssetImportWorker6
-projectPath
C:/Users/heibb/my zany vehicule
-logFile
Logs/AssetImportWorker6.log
-srvPort
60256
-licensingIpc
LicenseClient-heibb
-job-worker-count
7
-background-job-worker-count
8
-gc-helper-count
1
-name
AssetImport
Successfully changed project path to: C:/Users/heibb/my zany vehicule
C:/Users/heibb/my zany vehicule
[UnityMemory] Configuration Parameters - Can be set up in boot.config
    "memorysetup-temp-allocator-size-nav-mesh-worker=65536"
    "memorysetup-temp-allocator-size-audio-worker=65536"
    "memorysetup-temp-allocator-size-gfx=262144"
    "memorysetup-allocator-temp-initial-block-size-main=262144"
    "memorysetup-allocator-temp-initial-block-size-worker=262144"
    "memorysetup-temp-allocator-size-background-worker=32768"
    "memorysetup-temp-allocator-size-job-worker=262144"
    "memorysetup-temp-allocator-size-preload-manager=33554432"
    "memorysetup-temp-allocator-size-gi-baking-worker=262144"
    "memorysetup-temp-allocator-size-gi-baking-worker=262144"
    "memorysetup-temp-allocator-size-gi-baking-worker=262144"
    "memorysetup-temp-allocator-size-gi-baking-worker=262144"
    "memorysetup-temp-allocator-size-gi-baking-worker=262144"
    "memorysetup-bucket-allocator-granularity=16"
    "memorysetup-bucket-allocator-bucket-count=8"
    "memorysetup-bucket-allocator-block-size=33554432"
    "memorysetup-bucket-allocator-block-count=8"
    "memorysetup-main-allocator-block-size=16777216"
    "memorysetup-thread-allocator-block-size=16777216"
    "memorysetup-gfx-main-allocator-block-size=16777216"
    "memorysetup-gfx-thread-allocator-block-size=16777216"
    "memorysetup-cache-allocator-block-size=4194304"
    "memorysetup-typetree-allocator-block-size=2097152"
    "memorysetup-profiler-bucket-allocator-granularity=16"
    "memorysetup-profiler-bucket-allocator-bucket-count=8"
    "memorysetup-profiler-bucket-allocator-block-size=33554432"
    "memorysetup-profiler-bucket-allocator-block-count=8"
    "memorysetup-profiler-allocator-block-size=16777216"
    "memorysetup-profiler-editor-allocator-block-size=1048576"
    "memorysetup-temp-allocator-size-main=16777216"
    "memorysetup-job-temp-allocator-block-size=2097152"
    "memorysetup-job-temp-allocator-block-size-background=1048576"
    "memorysetup-job-temp-allocator-reduction-small-platforms=262144"
    "memorysetup-temp-allocator-size-cloud-worker=32768"
Player connection [33784]  Target information:

Player connection [33784]  * "[IP] 10.132.36.30 [Port] 0 [Flags] 2 [Guid] 3398852312 [EditorId] 3398852312 [Version] 1048832 [Id] WindowsEditor(7,Lila) [Debug] 1 [PackageName] WindowsEditor [ProjectName] Editor" 

Player connection [33784]  * "[IP] 192.168.137.1 [Port] 0 [Flags] 2 [Guid] 3398852312 [EditorId] 3398852312 [Version] 1048832 [Id] WindowsEditor(7,Lila) [Debug] 1 [PackageName] WindowsEditor [ProjectName] Editor" 

Player connection [33784] Host joined multi-casting on [225.0.0.222:54997]...
Player connection [33784] Host joined alternative multi-casting on [225.0.0.222:34997]...
JobSystem: Creating JobQueue using job-worker-count value 7
Input System module state changed to: Initialized.
[Physics::Module] Initialized fallback backend.
[Physics::Module] Id: 0xdecafbad
Library Redirect Path: Library/
[Physics::Module] Selected backend.
[Physics::Module] Name: PhysX
[Physics::Module] Id: 0xf2b8ea05
[Physics::Module] SDK Version: 4.1.2
[Physics::Module] Integration Version: 1.0.0
[Physics::Module] Threading Mode: Multi-Threaded
Refreshing native plugins compatible for Editor in 292.29 ms, found 3 plugins.
Preloading 0 native plugins for Editor in 0.00 ms.
Initialize engine version: 6000.3.6f1 (bbb010bdb8a3)
[Subsystems] Discovering subsystems at path C:/Program Files/Unity/Hub/Editor/6000.3.6f1/Editor/Data/Resources/UnitySubsystems
[Subsystems] Discovering subsystems at path C:/Users/heibb/my zany vehicule/Assets
GfxDevice: creating device client; kGfxThreadingModeNonThreaded
Direct3D:
    Version:  Direct3D 11.0 [level 11.1]
    Renderer: AMD Radeon(TM) Graphics (ID=0x164c)
    Vendor:   ATI
    VRAM:     12229 MB
    Driver:   31.0.21923.11000
Initialize mono
Mono path[0] = 'C:/Program Files/Unity/Hub/Editor/6000.3.6f1/Editor/Data/Managed'
Mono path[1] = 'C:/Program Files/Unity/Hub/Editor/6000.3.6f1/Editor/Data/MonoBleedingEdge/lib/mono/unityjit-win32'
Mono config path = 'C:/Program Files/Unity/Hub/Editor/6000.3.6f1/Editor/Data/MonoBleedingEdge/etc'
Using monoOptions --debugger-agent=transport=dt_socket,embedding=1,server=y,suspend=n,address=127.0.0.1:56344
Begin MonoManager ReloadAssembly
Registering precompiled unity dll's ...
Register platform support module: C:/Program Files/Unity/Hub/Editor/6000.3.6f1/Editor/Data/PlaybackEngines/WindowsStandaloneSupport/UnityEditor.WindowsStandalone.Extensions.dll
Registered in 0.006739 seconds.
[Licensing::Client] Handshaking with LicensingClient:
  Version:                 1.17.4+4293ba1
  Session Id:              ca99229900194f8481fdb720ae5b0cd0
  Correlation Id:          78aee5cdf498cc19978c3fd208bc4403
  External correlation Id: 1520577033619464689
  Machine Id:              sjB7pXHAGfyq01dJ1UxMVTTi/vo=
[Licensing::Module] Successfully connected to LicensingClient on channel: "LicenseClient-heibb" (connect: 0.00s, validation: 0.01s, handshake: 6.34s)
[Licensing::IpcConnector] Successfully connected to: "LicenseClient-heibb-notifications" at "2026-03-10T19:32:35.1987327Z"
[Licensing::Module] Licensing Background thread has ended after 6.35s
- Loaded All Assemblies, in  5.421 seconds
Native extension for WindowsStandalone target not found
ScheduleIndexationOnStartup MainProcess:False IndexOnStartup:True
Mono: successfully reloaded assembly
- Finished resetting the current domain, in  1.151 seconds
Domain Reload Profiling: 6562ms
	BeginReloadAssembly (463ms)
		ExecutionOrderSort (0ms)
		DisableScriptedObjects (0ms)
		BackupInstance (0ms)
		ReleaseScriptingObjects (0ms)
		CreateAndSetChildDomain (3ms)
	RebuildCommonClasses (749ms)
	RebuildNativeTypeToScriptingClass (37ms)
	initialDomainReloadingComplete (143ms)
	LoadAllAssembliesAndSetupDomain (4019ms)
		LoadAssemblies (445ms)
		RebuildTransferFunctionScriptingTraits (0ms)
		AnalyzeDomain (4012ms)
			TypeCache.Refresh (4007ms)
				TypeCache.ScanAssembly (3191ms)
			BuildScriptInfoCaches (0ms)
			ResolveRequiredComponents (1ms)
	FinalizeReload (1152ms)
		ReleaseScriptCaches (0ms)
		RebuildScriptCaches (0ms)
		SetupLoadedEditorAssemblies (1022ms)
			LogAssemblyErrors (0ms)
			InitializePlatformSupportModulesInManaged (134ms)
			SetLoadedEditorAssemblies (9ms)
			BeforeProcessingInitializeOnLoad (234ms)
			ProcessInitializeOnLoadAttributes (451ms)
			ProcessInitializeOnLoadMethodAttributes (193ms)
			AfterProcessingInitializeOnLoad (0ms)
			EditorAssembliesLoaded (0ms)
		ExecutionOrderSort2 (0ms)
		AwakeInstancesAfterBackupRestoration (0ms)
Assembly reference Packages/com.unity.cinemachine/Editor/Samples/ExposeHDRPInternals/HDRP-Editor-ref.asmref has no target assembly definition
========================================================================
Worker process is ready to serve import requests
Import Worker Mode flag is 0x00
Assembly reference Packages/com.unity.cinemachine/Editor/Samples/ExposeHDRPInternals/HDRP-Editor-ref.asmref has no target assembly definition
Assembly reference Packages/com.unity.cinemachine/Editor/Samples/ExposeHDRPInternals/HDRP-Editor-ref.asmref has no target assembly definition
Begin MonoManager ReloadAssembly
[Licensing::Client] Successfully resolved entitlement details
[Licensing::Module] License group:
  Id: 4673595597567-UnityPersXXXX
  Product: Unity Personal
  Type: Assigned
  Expiration: Unlimited
- Loaded All Assemblies, in  2.137 seconds
Assembly reference Packages/com.unity.cinemachine/Editor/Samples/ExposeHDRPInternals/HDRP-Editor-ref.asmref has no target assembly definition
'Packages/com.unity.cinemachine/Editor/Obsolete/CinemachineVirtualCameraBaseEditor.cs' contains partial class of Unity.Object, exactly 1 of the partial classes needs to be in a file with the same filename. This is to know the one that can be referenced from ie. GameObjects
'Packages/com.unity.cinemachine/Editor/Editors/CinemachineVirtualCameraBaseEditor.cs' contains partial class of Unity.Object, exactly 1 of the partial classes needs to be in a file with the same filename. This is to know the one that can be referenced from ie. GameObjects
Refreshing native plugins compatible for Editor in 3.27 ms, found 3 plugins.
Native extension for WindowsStandalone target not found
Assembly reference Packages/com.unity.cinemachine/Editor/Samples/ExposeHDRPInternals/HDRP-Editor-ref.asmref has no target assembly definition
Package Manager log level set to [2]
[Package Manager] Failed to launch server process. Reason: Unity was launched with the -noUpm command-line argument
[Package Manager] Unable to send message (not connected to server process).
[Package Manager] Cannot connect to Unity Package Manager local server
[Package Manager] Failed to launch server process. Reason: Unity was launched with the -noUpm command-line argument
[Package Manager] Unable to send message (not connected to server process).
[Package Manager] Cannot connect to Unity Package Manager local server
ScheduleIndexationOnStartup MainProcess:False IndexOnStartup:True
Mono: successfully reloaded assembly
- Finished resetting the current domain, in  2.689 seconds
Domain Reload Profiling: 4810ms
	BeginReloadAssembly (471ms)
		ExecutionOrderSort (0ms)
		DisableScriptedObjects (13ms)
		BackupInstance (0ms)
		ReleaseScriptingObjects (0ms)
		CreateAndSetChildDomain (70ms)
	RebuildCommonClasses (102ms)
	RebuildNativeTypeToScriptingClass (33ms)
	initialDomainReloadingComplete (115ms)
	LoadAllAssembliesAndSetupDomain (1398ms)
		LoadAssemblies (969ms)
		RebuildTransferFunctionScriptingTraits (0ms)
		AnalyzeDomain (700ms)
			TypeCache.Refresh (480ms)
				TypeCache.ScanAssembly (445ms)
			BuildScriptInfoCaches (173ms)
			ResolveRequiredComponents (33ms)
	FinalizeReload (2691ms)
		ReleaseScriptCaches (0ms)
		RebuildScriptCaches (0ms)
		SetupLoadedEditorAssemblies (1585ms)
			LogAssemblyErrors (0ms)
			InitializePlatformSupportModulesInManaged (5ms)
			SetLoadedEditorAssemblies (12ms)
			BeforeProcessingInitializeOnLoad (404ms)
			ProcessInitializeOnLoadAttributes (968ms)
			ProcessInitializeOnLoadMethodAttributes (176ms)
			AfterProcessingInitializeOnLoad (20ms)
			EditorAssembliesLoaded (1ms)
		ExecutionOrderSort2 (0ms)
		AwakeInstancesAfterBackupRestoration (14ms)
Launched and connected shader compiler UnityShaderCompiler.exe after 0.08 seconds
Refreshing native plugins compatible for Editor in 3.86 ms, found 3 plugins.
Preloading 0 native plugins for Editor in 0.00 ms.
Unloading 18 Unused Serialized files (Serialized files now loaded: 0)
Unloading 6727 unused Assets / (4.4 MB). Loaded Objects now: 7548.
Memory consumption went from 153.8 MB to 149.3 MB.
Total: 22.301900 ms (FindLiveObjects: 1.474800 ms CreateObjectMapping: 1.809000 ms MarkObjects: 13.462100 ms  DeleteObjects: 5.553000 ms)

========================================================================
Received Import Request.
  Time since last request: 1029530.150829 seconds.
  path: Assets/Samples/Universal Render Pipeline/17.3.0/URP Package Samples/Shaders/Lit/Prefabs/6Podium.prefab
  artifactKey: Guid(a62ae87b83afd45458e3e92c3f072830) Importer(815301076,1909f56bfc062723c751e8b465ee728b)
Start importing Assets/Samples/Universal Render Pipeline/17.3.0/URP Package Samples/Shaders/Lit/Prefabs/6Podium.prefab using Guid(a62ae87b83afd45458e3e92c3f072830) Importer(815301076,1909f56bfc062723c751e8b465ee728b) (PreviewImporter) -> (artifact id: 'd49c2b95ec86d80ac563da183682f3cd') in 1.1792836 seconds
Number of updated asset objects reloaded before import = 0Number of asset objects unloaded after import = 89

========================================================================
Received Import Request.
  Time since last request: 0.000079 seconds.
  path: Assets/Samples/Scriptable Render Pipeline Core/17.3.0/RendererShaderUserValue_Common/Models/Agora/SM_Bld_Preset_House_05_Optimized.fbx
  artifactKey: Guid(a5dd37afefd165a4d8e0c1084b71d8f3) Importer(815301076,1909f56bfc062723c751e8b465ee728b)
Start importing Assets/Samples/Scriptable Render Pipeline Core/17.3.0/RendererShaderUserValue_Common/Models/Agora/SM_Bld_Preset_House_05_Optimized.fbx using Guid(a5dd37afefd165a4d8e0c1084b71d8f3) Importer(815301076,1909f56bfc062723c751e8b465ee728b) (PreviewImporter) -> (artifact id: '92e1208bd14b994713e3ba9be1e43957') in 0.2328251 seconds
Number of updated asset objects reloaded before import = 0Number of asset objects unloaded after import = 13

========================================================================
Received Import Request.
  Time since last request: 0.000114 seconds.
  path: Assets/Samples/Scriptable Render Pipeline Core/17.3.0/RendererShaderUserValue_Common/Models/Agora/SM_Bld_Walkway_Wood_01.fbx
  artifactKey: Guid(0ca9365f85cb7da4da792c964fd39f54) Importer(815301076,1909f56bfc062723c751e8b465ee728b)
Start importing Assets/Samples/Scriptable Render Pipeline Core/17.3.0/RendererShaderUserValue_Common/Models/Agora/SM_Bld_Walkway_Wood_01.fbx using Guid(0ca9365f85cb7da4da792c964fd39f54) Importer(815301076,1909f56bfc062723c751e8b465ee728b) (PreviewImporter) -> (artifact id: '91d3656d73c0d77799b8fd87bc9705b1') in 0.0530934 seconds
Number of updated asset objects reloaded before import = 0Number of asset objects unloaded after import = 8

========================================================================
Received Import Request.
  Time since last request: 0.000056 seconds.
  path: Assets/Samples/Scriptable Render Pipeline Core/17.3.0/RendererShaderUserValue_Common/Models/Agora/SM_Prop_Path_Brick_Group_04.fbx
  artifactKey: Guid(6c2171abcab706c4d8d25ac0c8c3f2a0) Importer(815301076,1909f56bfc062723c751e8b465ee728b)
Start importing Assets/Samples/Scriptable Render Pipeline Core/17.3.0/RendererShaderUserValue_Common/Models/Agora/SM_Prop_Path_Brick_Group_04.fbx using Guid(6c2171abcab706c4d8d25ac0c8c3f2a0) Importer(815301076,1909f56bfc062723c751e8b465ee728b) (PreviewImporter) -> (artifact id: '3198263ea8d621a3939ca26cc7fbf285') in 0.0559756 seconds
Number of updated asset objects reloaded before import = 0Number of asset objects unloaded after import = 8

========================================================================
Received Import Request.
  Time since last request: 0.000058 seconds.
  path: Assets/Samples/Scriptable Render Pipeline Core/17.3.0/RendererShaderUserValue_Common/Models/Agora/SM_Prop_Spike_Wall_03.fbx
  artifactKey: Guid(9f38a280a0ab75045bd8b14089b1bab8) Importer(815301076,1909f56bfc062723c751e8b465ee728b)
Start importing Assets/Samples/Scriptable Render Pipeline Core/17.3.0/RendererShaderUserValue_Common/Models/Agora/SM_Prop_Spike_Wall_03.fbx using Guid(9f38a280a0ab75045bd8b14089b1bab8) Importer(815301076,1909f56bfc062723c751e8b465ee728b) (PreviewImporter) -> (artifact id: 'fdf5fe7a470cec6041a585465e1af1d7') in 0.0594354 seconds
Number of updated asset objects reloaded before import = 0Number of asset objects unloaded after import = 8

========================================================================
Received Import Request.
  Time since last request: 0.000076 seconds.
  path: Assets/Samples/Scriptable Render Pipeline Core/17.3.0/RendererShaderUserValue_Common/Models/Agora/SM_Bld_Preset_House_02_A_Optimized.fbx
  artifactKey: Guid(3ac7951d3b999c04895b301b74dd2adf) Importer(815301076,1909f56bfc062723c751e8b465ee728b)
Start importing Assets/Samples/Scriptable Render Pipeline Core/17.3.0/RendererShaderUserValue_Common/Models/Agora/SM_Bld_Preset_House_02_A_Optimized.fbx using Guid(3ac7951d3b999c04895b301b74dd2adf) Importer(815301076,1909f56bfc062723c751e8b465ee728b) (PreviewImporter) -> (artifact id: '9a3783afc25b85a10ee5342b998a7bea') in 0.0813634 seconds
Number of updated asset objects reloaded before import = 0Number of asset objects unloaded after import = 13

========================================================================
Received Import Request.
  Time since last request: 0.000057 seconds.
  path: Assets/Samples/Universal Render Pipeline/17.3.0/URP Package Samples/Shaders/Lit/Prefabs/4Podium.prefab
  artifactKey: Guid(f6c633bbe2d20466fb1f016e0dd1f6cd) Importer(815301076,1909f56bfc062723c751e8b465ee728b)
Start importing Assets/Samples/Universal Render Pipeline/17.3.0/URP Package Samples/Shaders/Lit/Prefabs/4Podium.prefab using Guid(f6c633bbe2d20466fb1f016e0dd1f6cd) Importer(815301076,1909f56bfc062723c751e8b465ee728b) (PreviewImporter) -> (artifact id: 'fe6d48e28e4bb65e03002a9a9e591b97') in 0.038032 seconds
Number of updated asset objects reloaded before import = 0Number of asset objects unloaded after import = 63

========================================================================
Received Import Request.
  Time since last request: 0.000099 seconds.
  path: Assets/Samples/Scriptable Render Pipeline Core/17.3.0/RendererShaderUserValue_Common/Models/Agora/SM_Prop_Path_Brick_Group_07.fbx
  artifactKey: Guid(f5c311c1ae56dee49829ec47cb514cff) Importer(815301076,1909f56bfc062723c751e8b465ee728b)
Start importing Assets/Samples/Scriptable Render Pipeline Core/17.3.0/RendererShaderUserValue_Common/Models/Agora/SM_Prop_Path_Brick_Group_07.fbx using Guid(f5c311c1ae56dee49829ec47cb514cff) Importer(815301076,1909f56bfc062723c751e8b465ee728b) (PreviewImporter) -> (artifact id: '209f79e9dfd39ed9c0a9a0552e73e862') in 0.0411745 seconds
Number of updated asset objects reloaded before import = 0Number of asset objects unloaded after import = 7

========================================================================
Received Import Request.
  Time since last request: 0.000074 seconds.
  path: Assets/Samples/Scriptable Render Pipeline Core/17.3.0/RendererShaderUserValue_Common/Models/Soldier.fbx
  artifactKey: Guid(6c7a78e15a1d36d4789f0321a2171285) Importer(815301076,1909f56bfc062723c751e8b465ee728b)
Start importing Assets/Samples/Scriptable Render Pipeline Core/17.3.0/RendererShaderUserValue_Common/Models/Soldier.fbx using Guid(6c7a78e15a1d36d4789f0321a2171285) Importer(815301076,1909f56bfc062723c751e8b465ee728b) (PreviewImporter) -> (artifact id: '8f442513bc54b3d6ea3e4d46d4b48b24') in 0.1236134 seconds
Number of updated asset objects reloaded before import = 0Number of asset objects unloaded after import = 154

========================================================================
Received Import Request.
  Time since last request: 0.000042 seconds.
  path: Assets/Samples/Scriptable Render Pipeline Core/17.3.0/RendererShaderUserValue_Common/Models/Agora/SM_Prop_Crate_Stack_01.fbx
  artifactKey: Guid(ce1f1682f2adfb149a956aafbb0aa05c) Importer(815301076,1909f56bfc062723c751e8b465ee728b)
Start importing Assets/Samples/Scriptable Render Pipeline Core/17.3.0/RendererShaderUserValue_Common/Models/Agora/SM_Prop_Crate_Stack_01.fbx using Guid(ce1f1682f2adfb149a956aafbb0aa05c) Importer(815301076,1909f56bfc062723c751e8b465ee728b) (PreviewImporter) -> (artifact id: 'cff11bd32d2d31279555ef42471b60a5') in 0.0753278 seconds
Number of updated asset objects reloaded before import = 0Number of asset objects unloaded after import = 9

========================================================================
Received Import Request.
  Time since last request: 0.000062 seconds.
  path: Assets/Samples/Scriptable Render Pipeline Core/17.3.0/RendererShaderUserValue_Common/Models/Agora/SM_Bld_Preset_House_08_Optimized.fbx
  artifactKey: Guid(881a305724c009a4ca1d4f5fb6391fcc) Importer(815301076,1909f56bfc062723c751e8b465ee728b)
Start importing Assets/Samples/Scriptable Render Pipeline Core/17.3.0/RendererShaderUserValue_Common/Models/Agora/SM_Bld_Preset_House_08_Optimized.fbx using Guid(881a305724c009a4ca1d4f5fb6391fcc) Importer(815301076,1909f56bfc062723c751e8b465ee728b) (PreviewImporter) -> (artifact id: 'd2380a5b459955c6cb7a9f3554a21c82') in 0.0860092 seconds
Number of updated asset objects reloaded before import = 0Number of asset objects unloaded after import = 13

========================================================================
Received Import Request.
  Time since last request: 0.000043 seconds.
  path: Assets/Samples/Scriptable Render Pipeline Core/17.3.0/Common/Prefabs/Presentation/UnityLogo.prefab
  artifactKey: Guid(b7e1dee5dcec1524c983e73927a9bd8c) Importer(815301076,1909f56bfc062723c751e8b465ee728b)
Start importing Assets/Samples/Scriptable Render Pipeline Core/17.3.0/Common/Prefabs/Presentation/UnityLogo.prefab using Guid(b7e1dee5dcec1524c983e73927a9bd8c) Importer(815301076,1909f56bfc062723c751e8b465ee728b) (PreviewImporter) -> (artifact id: '18171d6ee876423e660133c21f3a1751') in 6.374172 seconds
Number of updated asset objects reloaded before import = 0Number of asset objects unloaded after import = 14

========================================================================
Received Import Request.
  Time since last request: 0.000058 seconds.
  path: Assets/Samples/Universal Render Pipeline/17.3.0/URP Package Samples/Shaders/Lit/Prefabs/3Podium.prefab
  artifactKey: Guid(7689a0ffc4ed74a58b7298d31e1d3283) Importer(815301076,1909f56bfc062723c751e8b465ee728b)
Start importing Assets/Samples/Universal Render Pipeline/17.3.0/URP Package Samples/Shaders/Lit/Prefabs/3Podium.prefab using Guid(7689a0ffc4ed74a58b7298d31e1d3283) Importer(815301076,1909f56bfc062723c751e8b465ee728b) (PreviewImporter) -> (artifact id: 'd054d7e8729e0b6546c772a9f222a82c') in 0.0640787 seconds
Number of updated asset objects reloaded before import = 0Number of asset objects unloaded after import = 52

========================================================================
Received Import Request.
  Time since last request: 0.000083 seconds.
  path: Assets/Samples/Scriptable Render Pipeline Core/17.3.0/Common/Prefabs/UnityBall/UnityMaterialBall_Gold.prefab
  artifactKey: Guid(45917c7d5543b774894963f1abc77d43) Importer(815301076,1909f56bfc062723c751e8b465ee728b)
Start importing Assets/Samples/Scriptable Render Pipeline Core/17.3.0/Common/Prefabs/UnityBall/UnityMaterialBall_Gold.prefab using Guid(45917c7d5543b774894963f1abc77d43) Importer(815301076,1909f56bfc062723c751e8b465ee728b) (PreviewImporter) -> (artifact id: '9ab6694f2381226a1652f9cd478eb6b1') in 5.6523242 seconds
Number of updated asset objects reloaded before import = 0Number of asset objects unloaded after import = 70

========================================================================
Received Import Request.
  Time since last request: 0.000068 seconds.
  path: Assets/Samples/Universal Render Pipeline/17.3.0/URP Package Samples/Shaders/Lit/Prefabs/2Podium.prefab
  artifactKey: Guid(b350d0ee6adff493c954545853ab9922) Importer(815301076,1909f56bfc062723c751e8b465ee728b)
Start importing Assets/Samples/Universal Render Pipeline/17.3.0/URP Package Samples/Shaders/Lit/Prefabs/2Podium.prefab using Guid(b350d0ee6adff493c954545853ab9922) Importer(815301076,1909f56bfc062723c751e8b465ee728b) (PreviewImporter) -> (artifact id: '4c75b111490a362a80ec57a66a353115') in 0.0572055 seconds
Number of updated asset objects reloaded before import = 0Number of asset objects unloaded after import = 37

========================================================================
Received Import Request.
  Time since last request: 0.000067 seconds.
  path: Assets/Samples/Scriptable Render Pipeline Core/17.3.0/RendererShaderUserValue_Common/Models/Agora/SM_Prop_Path_Brick_Group_02.fbx
  artifactKey: Guid(e833e19319fcfe34ba24c09f204f5808) Importer(815301076,1909f56bfc062723c751e8b465ee728b)
Start importing Assets/Samples/Scriptable Render Pipeline Core/17.3.0/RendererShaderUserValue_Common/Models/Agora/SM_Prop_Path_Brick_Group_02.fbx using Guid(e833e19319fcfe34ba24c09f204f5808) Importer(815301076,1909f56bfc062723c751e8b465ee728b) (PreviewImporter) -> (artifact id: '47aa104d0bd2c12672b515b21bf7696b') in 0.0623004 seconds
Number of updated asset objects reloaded before import = 0Number of asset objects unloaded after import = 8

========================================================================
Received Import Request.
  Time since last request: 0.000054 seconds.
  path: Assets/Samples/Scriptable Render Pipeline Core/17.3.0/Common/Models/Backdrop.fbx
  artifactKey: Guid(4b931835b91cf3e4e9610e5393d7cc50) Importer(815301076,1909f56bfc062723c751e8b465ee728b)
Start importing Assets/Samples/Scriptable Render Pipeline Core/17.3.0/Common/Models/Backdrop.fbx using Guid(4b931835b91cf3e4e9610e5393d7cc50) Importer(815301076,1909f56bfc062723c751e8b465ee728b) (PreviewImporter) -> (artifact id: 'bb37fdc43f9cde4463a14d9e790ac9ba') in 0.0588217 seconds
Number of updated asset objects reloaded before import = 0Number of asset objects unloaded after import = 7

========================================================================
Received Import Request.
  Time since last request: 0.000071 seconds.
  path: Assets/Samples/Scriptable Render Pipeline Core/17.3.0/Common/Models/UnityLogo.fbx
  artifactKey: Guid(ce956971d4da74746ad62e303cc5ce09) Importer(815301076,1909f56bfc062723c751e8b465ee728b)
Start importing Assets/Samples/Scriptable Render Pipeline Core/17.3.0/Common/Models/UnityLogo.fbx using Guid(ce956971d4da74746ad62e303cc5ce09) Importer(815301076,1909f56bfc062723c751e8b465ee728b) (PreviewImporter) -> (artifact id: '902525e63dc149021ce7015c899c3d52') in 0.0619738 seconds
Number of updated asset objects reloaded before import = 0Number of asset objects unloaded after import = 7

========================================================================
Received Import Request.
  Time since last request: 0.000061 seconds.
  path: Assets/Samples/Scriptable Render Pipeline Core/17.3.0/RendererShaderUserValue_Common/Models/Agora/SM_Prop_Path_Brick_Group_06.fbx
  artifactKey: Guid(f242ed1ae1cce0d4d96c65d2993089a7) Importer(815301076,1909f56bfc062723c751e8b465ee728b)
Start importing Assets/Samples/Scriptable Render Pipeline Core/17.3.0/RendererShaderUserValue_Common/Models/Agora/SM_Prop_Path_Brick_Group_06.fbx using Guid(f242ed1ae1cce0d4d96c65d2993089a7) Importer(815301076,1909f56bfc062723c751e8b465ee728b) (PreviewImporter) -> (artifact id: '7688a6de153e65e32f66b7567c3d0b02') in 0.1029988 seconds
Number of updated asset objects reloaded before import = 0Number of asset objects unloaded after import = 8

Editor requested this worker to shutdown with reason: Scaling down because of idle timeout
AssetImportWorker is now disconnected from the server
Process exiting
Exiting without the bug reporter. Application will terminate with return code 0