[Licensing::Module] Trying to connect to existing licensing client channel...
Built from '6000.3/respin/6000.3.6f1-732c1ec89f18' branch; Version is '6000.3.6f1 (bbb010bdb8a3) revision 12300304'; Using compiler version '194234433'; Build Type 'Release'
OS: 'Windows 11  (10.0.26200) CoreSingleLanguage' Language: 'es' Physical Memory: 24458 MB
[Licensing::IpcConnector] Successfully connected to: "LicenseClient-heibb" at "2026-03-24T03:16:52.641461Z"
BatchMode: 1, IsHumanControllingUs: 0, StartBugReporterOnCrash: 0, Is64bit: 1
System  architecture: x64
Process architecture: x64
Date: 2026-03-24T03:16:52Z

COMMAND LINE ARGUMENTS:
C:\Program Files\Unity\Hub\Editor\6000.3.6f1\Editor\Unity.exe
-adb2
-batchMode
-noUpm
-name
AssetImportWorker7
-projectPath
C:/Users/heibb/my zany vehicule
-logFile
Logs/AssetImportWorker7.log
-srvPort
59234
-licensingIpc
LicenseClient-heibb
-job-worker-count
7
-background-job-worker-count
8
-gc-helper-count
1
-name
AssetImport
Successfully changed project path to: C:/Users/heibb/my zany vehicule
C:/Users/heibb/my zany vehicule
[UnityMemory] Configuration Parameters - Can be set up in boot.config
    "memorysetup-temp-allocator-size-nav-mesh-worker=65536"
    "memorysetup-temp-allocator-size-audio-worker=65536"
    "memorysetup-temp-allocator-size-gfx=262144"
    "memorysetup-allocator-temp-initial-block-size-main=262144"
    "memorysetup-allocator-temp-initial-block-size-worker=262144"
    "memorysetup-temp-allocator-size-background-worker=32768"
    "memorysetup-temp-allocator-size-job-worker=262144"
    "memorysetup-temp-allocator-size-preload-manager=33554432"
    "memorysetup-temp-allocator-size-gi-baking-worker=262144"
    "memorysetup-temp-allocator-size-gi-baking-worker=262144"
    "memorysetup-temp-allocator-size-gi-baking-worker=262144"
    "memorysetup-temp-allocator-size-gi-baking-worker=262144"
    "memorysetup-temp-allocator-size-gi-baking-worker=262144"
    "memorysetup-bucket-allocator-granularity=16"
    "memorysetup-bucket-allocator-bucket-count=8"
    "memorysetup-bucket-allocator-block-size=33554432"
    "memorysetup-bucket-allocator-block-count=8"
    "memorysetup-main-allocator-block-size=16777216"
    "memorysetup-thread-allocator-block-size=16777216"
    "memorysetup-gfx-main-allocator-block-size=16777216"
    "memorysetup-gfx-thread-allocator-block-size=16777216"
    "memorysetup-cache-allocator-block-size=4194304"
    "memorysetup-typetree-allocator-block-size=2097152"
    "memorysetup-profiler-bucket-allocator-granularity=16"
    "memorysetup-profiler-bucket-allocator-bucket-count=8"
    "memorysetup-profiler-bucket-allocator-block-size=33554432"
    "memorysetup-profiler-bucket-allocator-block-count=8"
    "memorysetup-profiler-allocator-block-size=16777216"
    "memorysetup-profiler-editor-allocator-block-size=1048576"
    "memorysetup-temp-allocator-size-main=16777216"
    "memorysetup-job-temp-allocator-block-size=2097152"
    "memorysetup-job-temp-allocator-block-size-background=1048576"
    "memorysetup-job-temp-allocator-reduction-small-platforms=262144"
    "memorysetup-temp-allocator-size-cloud-worker=32768"
Player connection [38860]  Target information:

Player connection [38860]  * "[IP] 192.168.1.9 [Port] 0 [Flags] 2 [Guid] 690061610 [EditorId] 690061610 [Version] 1048832 [Id] WindowsEditor(7,Lila) [Debug] 1 [PackageName] WindowsEditor [ProjectName] Editor" 

Player connection [38860]  * "[IP] 192.168.137.1 [Port] 0 [Flags] 2 [Guid] 690061610 [EditorId] 690061610 [Version] 1048832 [Id] WindowsEditor(7,Lila) [Debug] 1 [PackageName] WindowsEditor [ProjectName] Editor" 

Player connection [38860] Host joined multi-casting on [225.0.0.222:54997]...
Player connection [38860] Host joined alternative multi-casting on [225.0.0.222:34997]...
JobSystem: Creating JobQueue using job-worker-count value 7
Input System module state changed to: Initialized.
[Physics::Module] Initialized fallback backend.
[Physics::Module] Id: 0xdecafbad
Library Redirect Path: Library/
[Physics::Module] Selected backend.
[Physics::Module] Name: PhysX
[Physics::Module] Id: 0xf2b8ea05
[Physics::Module] SDK Version: 4.1.2
[Physics::Module] Integration Version: 1.0.0
[Physics::Module] Threading Mode: Multi-Threaded
Refreshing native plugins compatible for Editor in 8.48 ms, found 3 plugins.
Preloading 0 native plugins for Editor in 0.00 ms.
Initialize engine version: 6000.3.6f1 (bbb010bdb8a3)
[Subsystems] Discovering subsystems at path C:/Program Files/Unity/Hub/Editor/6000.3.6f1/Editor/Data/Resources/UnitySubsystems
[Subsystems] Discovering subsystems at path C:/Users/heibb/my zany vehicule/Assets
GfxDevice: creating device client; kGfxThreadingModeNonThreaded
Direct3D:
    Version:  Direct3D 11.0 [level 11.1]
    Renderer: AMD Radeon(TM) Graphics (ID=0x164c)
    Vendor:   ATI
    VRAM:     12229 MB
    Driver:   31.0.21923.11000
Initialize mono
Mono path[0] = 'C:/Program Files/Unity/Hub/Editor/6000.3.6f1/Editor/Data/Managed'
Mono path[1] = 'C:/Program Files/Unity/Hub/Editor/6000.3.6f1/Editor/Data/MonoBleedingEdge/lib/mono/unityjit-win32'
Mono config path = 'C:/Program Files/Unity/Hub/Editor/6000.3.6f1/Editor/Data/MonoBleedingEdge/etc'
Using monoOptions --debugger-agent=transport=dt_socket,embedding=1,server=y,suspend=n,address=127.0.0.1:56908
Begin MonoManager ReloadAssembly
Registering precompiled unity dll's ...
Register platform support module: C:/Program Files/Unity/Hub/Editor/6000.3.6f1/Editor/Data/PlaybackEngines/WindowsStandaloneSupport/UnityEditor.WindowsStandalone.Extensions.dll
Registered in 0.007137 seconds.
- Loaded All Assemblies, in  1.321 seconds
Native extension for WindowsStandalone target not found
ScheduleIndexationOnStartup MainProcess:False IndexOnStartup:True
Mono: successfully reloaded assembly
- Finished resetting the current domain, in  1.304 seconds
Domain Reload Profiling: 2615ms
	BeginReloadAssembly (463ms)
		ExecutionOrderSort (0ms)
		DisableScriptedObjects (0ms)
		BackupInstance (0ms)
		ReleaseScriptingObjects (0ms)
		CreateAndSetChildDomain (2ms)
	RebuildCommonClasses (123ms)
	RebuildNativeTypeToScriptingClass (38ms)
	initialDomainReloadingComplete (153ms)
	LoadAllAssembliesAndSetupDomain (533ms)
		LoadAssemblies (447ms)
		RebuildTransferFunctionScriptingTraits (0ms)
		AnalyzeDomain (525ms)
			TypeCache.Refresh (521ms)
				TypeCache.ScanAssembly (489ms)
			BuildScriptInfoCaches (0ms)
			ResolveRequiredComponents (1ms)
	FinalizeReload (1305ms)
		ReleaseScriptCaches (0ms)
		RebuildScriptCaches (0ms)
		SetupLoadedEditorAssemblies (1166ms)
			LogAssemblyErrors (0ms)
			InitializePlatformSupportModulesInManaged (159ms)
			SetLoadedEditorAssemblies (11ms)
			BeforeProcessingInitializeOnLoad (295ms)
			ProcessInitializeOnLoadAttributes (487ms)
			ProcessInitializeOnLoadMethodAttributes (213ms)
			AfterProcessingInitializeOnLoad (0ms)
			EditorAssembliesLoaded (0ms)
		ExecutionOrderSort2 (0ms)
		AwakeInstancesAfterBackupRestoration (0ms)
Assembly reference Packages/com.unity.cinemachine/Editor/Samples/ExposeHDRPInternals/HDRP-Editor-ref.asmref has no target assembly definition
========================================================================
Worker process is ready to serve import requests
Import Worker Mode flag is 0x00
Assembly reference Packages/com.unity.cinemachine/Editor/Samples/ExposeHDRPInternals/HDRP-Editor-ref.asmref has no target assembly definition
Assembly reference Packages/com.unity.cinemachine/Editor/Samples/ExposeHDRPInternals/HDRP-Editor-ref.asmref has no target assembly definition
Begin MonoManager ReloadAssembly
[Licensing::Module] Licensing is not yet initialized.
[Licensing::Client] Handshaking with LicensingClient:
  Version:                 1.17.4+4293ba1
  Session Id:              255462b8e2094d7180f09db2a9e29c14
  Correlation Id:          e2a297a0a4fe8af95bd46139e3581186
  External correlation Id: 8634705819416981205
  Machine Id:              sjB7pXHAGfyq01dJ1UxMVTTi/vo=
[Licensing::Module] Successfully connected to LicensingClient on channel: "LicenseClient-heibb" (connect: 0.00s, validation: 0.00s, handshake: 6.05s)
[Licensing::IpcConnector] Successfully connected to: "LicenseClient-heibb-notifications" at "2026-03-24T03:16:58.6982045Z"
[Licensing::Module] Licensing Background thread has ended after 6.06s
[Licensing::Module] Licensing is initialized (took 1.28s).
[Licensing::Client] Successfully resolved entitlement details
[Licensing::Module] License group:
  Id: 4673595597567-UnityPersXXXX
  Product: Unity Personal
  Type: Assigned
  Expiration: Unlimited
- Loaded All Assemblies, in  3.615 seconds
Assembly reference Packages/com.unity.cinemachine/Editor/Samples/ExposeHDRPInternals/HDRP-Editor-ref.asmref has no target assembly definition
'Packages/com.unity.cinemachine/Editor/Obsolete/CinemachineVirtualCameraBaseEditor.cs' contains partial class of Unity.Object, exactly 1 of the partial classes needs to be in a file with the same filename. This is to know the one that can be referenced from ie. GameObjects
'Packages/com.unity.cinemachine/Editor/Editors/CinemachineVirtualCameraBaseEditor.cs' contains partial class of Unity.Object, exactly 1 of the partial classes needs to be in a file with the same filename. This is to know the one that can be referenced from ie. GameObjects
Refreshing native plugins compatible for Editor in 3.15 ms, found 3 plugins.
PC_Renderer is missing RendererFeatures
This could be due to missing scripts or compile error.
UnityEngine.Debug:ExtractStackTraceNoAlloc (byte*,int,string)
UnityEngine.StackTraceUtility:ExtractStackTrace ()
UnityEngine.DebugLogHandler:Internal_Log (UnityEngine.LogType,UnityEngine.LogOption,string,UnityEngine.Object)
UnityEngine.DebugLogHandler:LogFormat (UnityEngine.LogType,UnityEngine.Object,string,object[])
UnityEngine.Logger:Log (UnityEngine.LogType,object,UnityEngine.Object)
UnityEngine.Debug:LogError (object,UnityEngine.Object)
UnityEngine.Rendering.Universal.ScriptableRendererData:ValidateRendererFeatures () (at ./Library/PackageCache/com.unity.render-pipelines.universal@1e87cf1dccb8/Runtime/ScriptableRendererData.cs:193)
UnityEngine.Rendering.Universal.ScriptableRendererData:OnValidate () (at ./Library/PackageCache/com.unity.render-pipelines.universal@1e87cf1dccb8/Runtime/ScriptableRendererData.cs:81)

(Filename: ./Library/PackageCache/com.unity.render-pipelines.universal@1e87cf1dccb8/Runtime/ScriptableRendererData.cs Line: 193)

Native extension for WindowsStandalone target not found
Assembly reference Packages/com.unity.cinemachine/Editor/Samples/ExposeHDRPInternals/HDRP-Editor-ref.asmref has no target assembly definition
Package Manager log level set to [2]
[Package Manager] Failed to launch server process. Reason: Unity was launched with the -noUpm command-line argument
[Package Manager] Unable to send message (not connected to server process).
[Package Manager] Cannot connect to Unity Package Manager local server
[Package Manager] Failed to launch server process. Reason: Unity was launched with the -noUpm command-line argument
[Package Manager] Unable to send message (not connected to server process).
[Package Manager] Cannot connect to Unity Package Manager local server
ScheduleIndexationOnStartup MainProcess:False IndexOnStartup:True
Mono: successfully reloaded assembly
- Finished resetting the current domain, in  2.217 seconds
Domain Reload Profiling: 5814ms
	BeginReloadAssembly (1802ms)
		ExecutionOrderSort (0ms)
		DisableScriptedObjects (15ms)
		BackupInstance (0ms)
		ReleaseScriptingObjects (0ms)
		CreateAndSetChildDomain (83ms)
	RebuildCommonClasses (106ms)
	RebuildNativeTypeToScriptingClass (34ms)
	initialDomainReloadingComplete (121ms)
	LoadAllAssembliesAndSetupDomain (1532ms)
		LoadAssemblies (1112ms)
		RebuildTransferFunctionScriptingTraits (0ms)
		AnalyzeDomain (728ms)
			TypeCache.Refresh (519ms)
				TypeCache.ScanAssembly (482ms)
			BuildScriptInfoCaches (170ms)
			ResolveRequiredComponents (31ms)
	FinalizeReload (2218ms)
		ReleaseScriptCaches (0ms)
		RebuildScriptCaches (0ms)
		SetupLoadedEditorAssemblies (1642ms)
			LogAssemblyErrors (0ms)
			InitializePlatformSupportModulesInManaged (4ms)
			SetLoadedEditorAssemblies (11ms)
			BeforeProcessingInitializeOnLoad (410ms)
			ProcessInitializeOnLoadAttributes (1016ms)
			ProcessInitializeOnLoadMethodAttributes (180ms)
			AfterProcessingInitializeOnLoad (20ms)
			EditorAssembliesLoaded (1ms)
		ExecutionOrderSort2 (0ms)
		AwakeInstancesAfterBackupRestoration (15ms)
Launched and connected shader compiler UnityShaderCompiler.exe after 0.03 seconds
Refreshing native plugins compatible for Editor in 3.70 ms, found 3 plugins.
Preloading 0 native plugins for Editor in 0.00 ms.
Unloading 18 Unused Serialized files (Serialized files now loaded: 0)
Unloading 6730 unused Assets / (5.4 MB). Loaded Objects now: 7556.
Memory consumption went from 153.6 MB to 148.2 MB.
Total: 24.811400 ms (FindLiveObjects: 1.539300 ms CreateObjectMapping: 1.944000 ms MarkObjects: 14.252100 ms  DeleteObjects: 7.072200 ms)

========================================================================
Received Import Request.
  Time since last request: 911066.814676 seconds.
  path: Assets/Samples/Universal Render Pipeline/17.3.0/URP RenderGraph Samples/GbufferVisualization/GBuffer_Visualization_Material_Sample.mat
  artifactKey: Guid(b822384cb53874e0ebd13dffb89844d7) Importer(815301076,1909f56bfc062723c751e8b465ee728b)
Start importing Assets/Samples/Universal Render Pipeline/17.3.0/URP RenderGraph Samples/GbufferVisualization/GBuffer_Visualization_Material_Sample.mat using Guid(b822384cb53874e0ebd13dffb89844d7) Importer(815301076,1909f56bfc062723c751e8b465ee728b) (PreviewImporter) -> (artifact id: 'eb412e3e5f8106427da7af65b5ab0526') in 1.3220674 seconds
Number of updated asset objects reloaded before import = 0Number of asset objects unloaded after import = 1

========================================================================
Received Import Request.
  Time since last request: 0.000059 seconds.
  path: Assets/Samples/Universal Render Pipeline/17.3.0/URP Package Samples/Lighting/Reflection Probes/Scene Materials/HandRails.mat
  artifactKey: Guid(427b9c306b8dfa9429d10fd4cadae462) Importer(815301076,1909f56bfc062723c751e8b465ee728b)
Start importing Assets/Samples/Universal Render Pipeline/17.3.0/URP Package Samples/Lighting/Reflection Probes/Scene Materials/HandRails.mat using Guid(427b9c306b8dfa9429d10fd4cadae462) Importer(815301076,1909f56bfc062723c751e8b465ee728b) (PreviewImporter) -> (artifact id: 'a7d71ce75bd2a93c8e98386552870953') in 0.0668105 seconds
Number of updated asset objects reloaded before import = 0Number of asset objects unloaded after import = 1

========================================================================
Received Import Request.
  Time since last request: 0.000067 seconds.
  path: Assets/Samples/Universal Render Pipeline/17.3.0/URP Package Samples/SharedAssets/Shaders/Wall_Graph.shadergraph
  artifactKey: Guid(b89e1b0d7db4448489d2eef76df34c1d) Importer(815301076,1909f56bfc062723c751e8b465ee728b)
Start importing Assets/Samples/Universal Render Pipeline/17.3.0/URP Package Samples/SharedAssets/Shaders/Wall_Graph.shadergraph using Guid(b89e1b0d7db4448489d2eef76df34c1d) Importer(815301076,1909f56bfc062723c751e8b465ee728b) (PreviewImporter) -> (artifact id: '636d02f9e007e8cdf903d1ba8c8acfdf') in 0.0560977 seconds
Number of updated asset objects reloaded before import = 0Number of asset objects unloaded after import = 5

========================================================================
Received Import Request.
  Time since last request: 0.000041 seconds.
  path: Assets/Prefabs/materials_ground/wallsi.shadergraph
  artifactKey: Guid(58e9e9e2bb7e5004db4f6a555321f2e5) Importer(815301076,1909f56bfc062723c751e8b465ee728b)
Start importing Assets/Prefabs/materials_ground/wallsi.shadergraph using Guid(58e9e9e2bb7e5004db4f6a555321f2e5) Importer(815301076,1909f56bfc062723c751e8b465ee728b) (PreviewImporter) -> (artifact id: '4148082351128ccd52c154020b263af6') in 0.0429446 seconds
Number of updated asset objects reloaded before import = 0Number of asset objects unloaded after import = 5

========================================================================
Received Import Request.
  Time since last request: 0.000060 seconds.
  path: Assets/Samples/Universal Render Pipeline/17.3.0/URP Package Samples/RendererFeatures/DistortTunnel/Distort.shadergraph
  artifactKey: Guid(a17a24fa0869e5047896932b3f86bc23) Importer(815301076,1909f56bfc062723c751e8b465ee728b)
Start importing Assets/Samples/Universal Render Pipeline/17.3.0/URP Package Samples/RendererFeatures/DistortTunnel/Distort.shadergraph using Guid(a17a24fa0869e5047896932b3f86bc23) Importer(815301076,1909f56bfc062723c751e8b465ee728b) (PreviewImporter) -> (artifact id: 'ed7a6be4ab7b83444fd644e94411c8b7') in 0.5026541 seconds
Number of updated asset objects reloaded before import = 0Number of asset objects unloaded after import = 2

========================================================================
Received Import Request.
  Time since last request: 0.000062 seconds.
  path: Assets/Samples/Scriptable Render Pipeline Core/17.3.0/RendererShaderUserValue_Common/Materials/LookDev/MetalBlack.mat
  artifactKey: Guid(c80007e830e40954a9b796c9242d4bb0) Importer(815301076,1909f56bfc062723c751e8b465ee728b)
Start importing Assets/Samples/Scriptable Render Pipeline Core/17.3.0/RendererShaderUserValue_Common/Materials/LookDev/MetalBlack.mat using Guid(c80007e830e40954a9b796c9242d4bb0) Importer(815301076,1909f56bfc062723c751e8b465ee728b) (PreviewImporter) -> (artifact id: '3a613b190d2707d58033914345fda828') in 0.0533025 seconds
Number of updated asset objects reloaded before import = 0Number of asset objects unloaded after import = 6

========================================================================
Received Import Request.
  Time since last request: 0.000045 seconds.
  path: Assets/Samples/Universal Render Pipeline/17.3.0/URP Package Samples/RendererFeatures/KeepFrame/SwirlyFrame_Graph.shadergraph
  artifactKey: Guid(ab39a3637a83740188539f247582e44c) Importer(815301076,1909f56bfc062723c751e8b465ee728b)
Start importing Assets/Samples/Universal Render Pipeline/17.3.0/URP Package Samples/RendererFeatures/KeepFrame/SwirlyFrame_Graph.shadergraph using Guid(ab39a3637a83740188539f247582e44c) Importer(815301076,1909f56bfc062723c751e8b465ee728b) (PreviewImporter) -> (artifact id: '15e12c898d9abbcb98a91d00fcf9f20d') in 0.4448481 seconds
Number of updated asset objects reloaded before import = 0Number of asset objects unloaded after import = 2

========================================================================
Received Import Request.
  Time since last request: 0.000072 seconds.
  path: Assets/Samples/Scriptable Render Pipeline Core/17.3.0/RendererShaderUserValue_Common/Materials/ShaderGraphs/SG_HealthBar_RSUV.shadergraph
  artifactKey: Guid(818939ebeac6a2049aeb1705c77df0c7) Importer(815301076,1909f56bfc062723c751e8b465ee728b)
Start importing Assets/Samples/Scriptable Render Pipeline Core/17.3.0/RendererShaderUserValue_Common/Materials/ShaderGraphs/SG_HealthBar_RSUV.shadergraph using Guid(818939ebeac6a2049aeb1705c77df0c7) Importer(815301076,1909f56bfc062723c751e8b465ee728b) (PreviewImporter) -> (artifact id: '8cf97b935caf739e73eea2d1d1936170') in 0.0907751 seconds
Number of updated asset objects reloaded before import = 0Number of asset objects unloaded after import = 6

========================================================================
Received Import Request.
  Time since last request: 0.000083 seconds.
  path: Assets/Samples/Universal Render Pipeline/17.3.0/URP RenderGraph Samples/MRT/MrtMaterial.mat
  artifactKey: Guid(62f8602306d69ed4685fd1fd1e3d7f60) Importer(815301076,1909f56bfc062723c751e8b465ee728b)
Start importing Assets/Samples/Universal Render Pipeline/17.3.0/URP RenderGraph Samples/MRT/MrtMaterial.mat using Guid(62f8602306d69ed4685fd1fd1e3d7f60) Importer(815301076,1909f56bfc062723c751e8b465ee728b) (PreviewImporter) -> (artifact id: 'e1c752a8987da1b97395e862d34ad1a7') in 0.0344031 seconds
Number of updated asset objects reloaded before import = 0Number of asset objects unloaded after import = 1

========================================================================
Received Import Request.
  Time since last request: 0.000050 seconds.
  path: Assets/Samples/Universal Render Pipeline/17.3.0/URP Package Samples/RendererFeatures/TrailEffect/Shaders/TrailMap.shadergraph
  artifactKey: Guid(f2e803685d2f5432a8622600027b8f55) Importer(815301076,1909f56bfc062723c751e8b465ee728b)
Start importing Assets/Samples/Universal Render Pipeline/17.3.0/URP Package Samples/RendererFeatures/TrailEffect/Shaders/TrailMap.shadergraph using Guid(f2e803685d2f5432a8622600027b8f55) Importer(815301076,1909f56bfc062723c751e8b465ee728b) (PreviewImporter) -> (artifact id: '48563db1e984229d1ad5122e9ecadc2c') in 0.4114052 seconds
Number of updated asset objects reloaded before import = 0Number of asset objects unloaded after import = 2

========================================================================
Received Import Request.
  Time since last request: 0.000064 seconds.
  path: Assets/Samples/Scriptable Render Pipeline Core/17.3.0/Common/Materials/Shaders/SamplesTurntable.shadergraph
  artifactKey: Guid(daae7dca060ff1344bf7d7e511e0e961) Importer(815301076,1909f56bfc062723c751e8b465ee728b)
Start importing Assets/Samples/Scriptable Render Pipeline Core/17.3.0/Common/Materials/Shaders/SamplesTurntable.shadergraph using Guid(daae7dca060ff1344bf7d7e511e0e961) Importer(815301076,1909f56bfc062723c751e8b465ee728b) (PreviewImporter) -> (artifact id: 'a639786741bf7b5dfe1b76f4b03086c2') in 0.0498336 seconds
Number of updated asset objects reloaded before import = 0Number of asset objects unloaded after import = 6

========================================================================
Received Import Request.
  Time since last request: 0.000057 seconds.
  path: Assets/Samples/Universal Render Pipeline/17.3.0/URP Package Samples/RendererFeatures/TrailEffect/Shaders/Sand_Graph.shadergraph
  artifactKey: Guid(2733272ebadfa4555be6b14e8e13cd16) Importer(815301076,1909f56bfc062723c751e8b465ee728b)
Start importing Assets/Samples/Universal Render Pipeline/17.3.0/URP Package Samples/RendererFeatures/TrailEffect/Shaders/Sand_Graph.shadergraph using Guid(2733272ebadfa4555be6b14e8e13cd16) Importer(815301076,1909f56bfc062723c751e8b465ee728b) (PreviewImporter) -> (artifact id: '4d716fd07e3870da918a040ef94457b2') in 6.7481833 seconds
Number of updated asset objects reloaded before import = 0Number of asset objects unloaded after import = 5

========================================================================
Received Import Request.
  Time since last request: 44.919470 seconds.
  path: Assets/Samples/Universal Render Pipeline/17.3.0/URP Package Samples/SharedAssets/Shaders/GradientRemap_Graph.shadergraph
  artifactKey: Guid(9de9072f295244522a41127c5fc9238c) Importer(815301076,1909f56bfc062723c751e8b465ee728b)
Start importing Assets/Samples/Universal Render Pipeline/17.3.0/URP Package Samples/SharedAssets/Shaders/GradientRemap_Graph.shadergraph using Guid(9de9072f295244522a41127c5fc9238c) Importer(815301076,1909f56bfc062723c751e8b465ee728b) (PreviewImporter) -> (artifact id: '13983d0da542c45c9521f3176377cde5') in 0.0798304 seconds
Number of updated asset objects reloaded before import = 0Number of asset objects unloaded after import = 5

========================================================================
Received Import Request.
  Time since last request: 0.000064 seconds.
  path: Assets/Samples/Universal Render Pipeline/17.3.0/URP Package Samples/SharedAssets/Materials/Green.mat
  artifactKey: Guid(6ee6561ebf75a4b15857523107eae6bd) Importer(815301076,1909f56bfc062723c751e8b465ee728b)
Start importing Assets/Samples/Universal Render Pipeline/17.3.0/URP Package Samples/SharedAssets/Materials/Green.mat using Guid(6ee6561ebf75a4b15857523107eae6bd) Importer(815301076,1909f56bfc062723c751e8b465ee728b) (PreviewImporter) -> (artifact id: '27992f3cc2f7c8a2b1f1ae49e0f420ce') in 0.0386603 seconds
Number of updated asset objects reloaded before import = 0Number of asset objects unloaded after import = 1

========================================================================
Received Import Request.
  Time since last request: 0.000074 seconds.
  path: Assets/Samples/Scriptable Render Pipeline Core/17.3.0/RendererShaderUserValue_Common/Materials/LookDev/Ground.mat
  artifactKey: Guid(eb5ab4aa3d2060440bff362acc3271c4) Importer(815301076,1909f56bfc062723c751e8b465ee728b)
Start importing Assets/Samples/Scriptable Render Pipeline Core/17.3.0/RendererShaderUserValue_Common/Materials/LookDev/Ground.mat using Guid(eb5ab4aa3d2060440bff362acc3271c4) Importer(815301076,1909f56bfc062723c751e8b465ee728b) (PreviewImporter) -> (artifact id: '1df49cdc35284856b2b326723e4f3edb') in 0.0527691 seconds
Number of updated asset objects reloaded before import = 0Number of asset objects unloaded after import = 6

========================================================================
Received Import Request.
  Time since last request: 5.776036 seconds.
  path: Assets/Samples/Universal Render Pipeline/17.3.0/URP Package Samples/SharedAssets/Materials/MatteCheckerFloor.mat
  artifactKey: Guid(7e7ea892f3527412a9f7dec5c9b7ef76) Importer(815301076,1909f56bfc062723c751e8b465ee728b)
Start importing Assets/Samples/Universal Render Pipeline/17.3.0/URP Package Samples/SharedAssets/Materials/MatteCheckerFloor.mat using Guid(7e7ea892f3527412a9f7dec5c9b7ef76) Importer(815301076,1909f56bfc062723c751e8b465ee728b) (PreviewImporter) -> (artifact id: '1210bf8f25964c6a44d3c0527796bae7') in 0.0670896 seconds
Number of updated asset objects reloaded before import = 0Number of asset objects unloaded after import = 7

========================================================================
Received Import Request.
  Time since last request: 0.000067 seconds.
  path: Assets/Samples/Universal Render Pipeline/17.3.0/URP Package Samples/CameraStacking/3D Skybox/Materials/Planet 1.mat
  artifactKey: Guid(a5cb8f46ef6d74dad945d8966c0de9d2) Importer(815301076,1909f56bfc062723c751e8b465ee728b)
Start importing Assets/Samples/Universal Render Pipeline/17.3.0/URP Package Samples/CameraStacking/3D Skybox/Materials/Planet 1.mat using Guid(a5cb8f46ef6d74dad945d8966c0de9d2) Importer(815301076,1909f56bfc062723c751e8b465ee728b) (PreviewImporter) -> (artifact id: '8263f0462fd9092c24ab0930f46b02ed') in 0.4425223 seconds
Number of updated asset objects reloaded before import = 0Number of asset objects unloaded after import = 7

========================================================================
Received Import Request.
  Time since last request: 0.000076 seconds.
  path: Assets/Samples/Scriptable Render Pipeline Core/17.3.0/Common/Materials/Shaders/SamplesChecker.shadergraph
  artifactKey: Guid(12b97e20ea15a7844849d66169c21bed) Importer(815301076,1909f56bfc062723c751e8b465ee728b)
Start importing Assets/Samples/Scriptable Render Pipeline Core/17.3.0/Common/Materials/Shaders/SamplesChecker.shadergraph using Guid(12b97e20ea15a7844849d66169c21bed) Importer(815301076,1909f56bfc062723c751e8b465ee728b) (PreviewImporter) -> (artifact id: '1b0e626821a693c56be0e4b0ec57ef13') in 0.0766523 seconds
Number of updated asset objects reloaded before import = 0Number of asset objects unloaded after import = 6

========================================================================
Received Import Request.
  Time since last request: 0.000071 seconds.
  path: Assets/Samples/Scriptable Render Pipeline Core/17.3.0/Common/Materials/SamplesRoughBlack.mat
  artifactKey: Guid(519c06b70a5dfe94988ab6fe98d7405a) Importer(815301076,1909f56bfc062723c751e8b465ee728b)
Start importing Assets/Samples/Scriptable Render Pipeline Core/17.3.0/Common/Materials/SamplesRoughBlack.mat using Guid(519c06b70a5dfe94988ab6fe98d7405a) Importer(815301076,1909f56bfc062723c751e8b465ee728b) (PreviewImporter) -> (artifact id: '9058074595052694c70945e7166b26fa') in 0.1106672 seconds
Number of updated asset objects reloaded before import = 0Number of asset objects unloaded after import = 7

========================================================================
Received Import Request.
  Time since last request: 0.000055 seconds.
  path: Assets/Samples/Scriptable Render Pipeline Core/17.3.0/Common/Materials/Samples_BackdropFabric_Red.mat
  artifactKey: Guid(5542edf9bbf7f31498a9a217ab9585b8) Importer(815301076,1909f56bfc062723c751e8b465ee728b)
Start importing Assets/Samples/Scriptable Render Pipeline Core/17.3.0/Common/Materials/Samples_BackdropFabric_Red.mat using Guid(5542edf9bbf7f31498a9a217ab9585b8) Importer(815301076,1909f56bfc062723c751e8b465ee728b) (PreviewImporter) -> (artifact id: '5c4b37b2012b29c553a0859f544ebb3e') in 0.0690391 seconds
Number of updated asset objects reloaded before import = 0Number of asset objects unloaded after import = 7

========================================================================
Received Import Request.
  Time since last request: 0.000077 seconds.
  path: Assets/Samples/Scriptable Render Pipeline Core/17.3.0/Common/Materials/Samples_Checker.mat
  artifactKey: Guid(3dd629c30f0676f47876c908191b19f3) Importer(815301076,1909f56bfc062723c751e8b465ee728b)
Start importing Assets/Samples/Scriptable Render Pipeline Core/17.3.0/Common/Materials/Samples_Checker.mat using Guid(3dd629c30f0676f47876c908191b19f3) Importer(815301076,1909f56bfc062723c751e8b465ee728b) (PreviewImporter) -> (artifact id: 'aa7883a93c3e80b9fe5cd91290fc2d77') in 0.0494107 seconds
Number of updated asset objects reloaded before import = 0Number of asset objects unloaded after import = 7

========================================================================
Received Import Request.
  Time since last request: 0.000054 seconds.
  path: Assets/Samples/Scriptable Render Pipeline Core/17.3.0/Common/Materials/Shaders/SamplesBackdrop.shadergraph
  artifactKey: Guid(137a9d0b49032c544abaff345d2c4f5c) Importer(815301076,1909f56bfc062723c751e8b465ee728b)
Start importing Assets/Samples/Scriptable Render Pipeline Core/17.3.0/Common/Materials/Shaders/SamplesBackdrop.shadergraph using Guid(137a9d0b49032c544abaff345d2c4f5c) Importer(815301076,1909f56bfc062723c751e8b465ee728b) (PreviewImporter) -> (artifact id: 'b51588abb2fcedcc376c1270b45da122') in 0.0220254 seconds
Number of updated asset objects reloaded before import = 0Number of asset objects unloaded after import = 5

========================================================================
Received Import Request.
  Time since last request: 0.000049 seconds.
  path: Assets/Samples/Universal Render Pipeline/17.3.0/URP Package Samples/SharedAssets/Materials/Red.mat
  artifactKey: Guid(fcba3054000df4bcb81bc8f46158ead1) Importer(815301076,1909f56bfc062723c751e8b465ee728b)
Start importing Assets/Samples/Universal Render Pipeline/17.3.0/URP Package Samples/SharedAssets/Materials/Red.mat using Guid(fcba3054000df4bcb81bc8f46158ead1) Importer(815301076,1909f56bfc062723c751e8b465ee728b) (PreviewImporter) -> (artifact id: '1962ed6585eba526e9f70ff4a93cb058') in 0.0380133 seconds
Number of updated asset objects reloaded before import = 0Number of asset objects unloaded after import = 1

========================================================================
Received Import Request.
  Time since last request: 0.000072 seconds.
  path: Assets/Samples/Universal Render Pipeline/17.3.0/URP Package Samples/Lighting/Reflection Probes/Scene Materials/Panel.mat
  artifactKey: Guid(482db46e86dfd764293c6045651a7b9f) Importer(815301076,1909f56bfc062723c751e8b465ee728b)
Start importing Assets/Samples/Universal Render Pipeline/17.3.0/URP Package Samples/Lighting/Reflection Probes/Scene Materials/Panel.mat using Guid(482db46e86dfd764293c6045651a7b9f) Importer(815301076,1909f56bfc062723c751e8b465ee728b) (PreviewImporter) -> (artifact id: '594dc7a54bf197100ddaa2f045d5e59e') in 0.037851 seconds
Number of updated asset objects reloaded before import = 0Number of asset objects unloaded after import = 1

========================================================================
Received Import Request.
  Time since last request: 0.000046 seconds.
  path: Assets/Samples/Scriptable Render Pipeline Core/17.3.0/Common/Materials/Shaders/SamplesArrow.shadergraph
  artifactKey: Guid(5614ac4a11189934cb15ed4f6582ad58) Importer(815301076,1909f56bfc062723c751e8b465ee728b)
Start importing Assets/Samples/Scriptable Render Pipeline Core/17.3.0/Common/Materials/Shaders/SamplesArrow.shadergraph using Guid(5614ac4a11189934cb15ed4f6582ad58) Importer(815301076,1909f56bfc062723c751e8b465ee728b) (PreviewImporter) -> (artifact id: 'b731b6601591b241a04bfac65e71d2a4') in 0.0913478 seconds
Number of updated asset objects reloaded before import = 0Number of asset objects unloaded after import = 6

========================================================================
Received Import Request.
  Time since last request: 0.000071 seconds.
  path: Assets/Samples/Scriptable Render Pipeline Core/17.3.0/Common/Materials/Shaders/SamplesGenericTextured.shadergraph
  artifactKey: Guid(77a073c5851b973499ddf6de1a1c803f) Importer(815301076,1909f56bfc062723c751e8b465ee728b)
Start importing Assets/Samples/Scriptable Render Pipeline Core/17.3.0/Common/Materials/Shaders/SamplesGenericTextured.shadergraph using Guid(77a073c5851b973499ddf6de1a1c803f) Importer(815301076,1909f56bfc062723c751e8b465ee728b) (PreviewImporter) -> (artifact id: '37ea76543d2bcb6547c2df1cf701bb0a') in 0.1157951 seconds
Number of updated asset objects reloaded before import = 0Number of asset objects unloaded after import = 7

========================================================================
Received Import Request.
  Time since last request: 0.000112 seconds.
  path: Assets/Samples/Scriptable Render Pipeline Core/17.3.0/Common/Materials/Samples_BackdropFabric.mat
  artifactKey: Guid(638589c7422aff14eaa79da6fad69c7c) Importer(815301076,1909f56bfc062723c751e8b465ee728b)
Start importing Assets/Samples/Scriptable Render Pipeline Core/17.3.0/Common/Materials/Samples_BackdropFabric.mat using Guid(638589c7422aff14eaa79da6fad69c7c) Importer(815301076,1909f56bfc062723c751e8b465ee728b) (PreviewImporter) -> (artifact id: 'd625272492b5e11a0721a91eb0c11320') in 0.0470663 seconds
Number of updated asset objects reloaded before import = 0Number of asset objects unloaded after import = 6

========================================================================
Received Import Request.
  Time since last request: 0.000073 seconds.
  path: Assets/Samples/Scriptable Render Pipeline Core/17.3.0/Common/Materials/Shaders/SamplesEmissive.shadergraph
  artifactKey: Guid(55dd6397dd059324398dec8c06cb4153) Importer(815301076,1909f56bfc062723c751e8b465ee728b)
Start importing Assets/Samples/Scriptable Render Pipeline Core/17.3.0/Common/Materials/Shaders/SamplesEmissive.shadergraph using Guid(55dd6397dd059324398dec8c06cb4153) Importer(815301076,1909f56bfc062723c751e8b465ee728b) (PreviewImporter) -> (artifact id: 'b879480056d1b6ca47ac0a925011b3b0') in 7.2018006 seconds
Number of updated asset objects reloaded before import = 0Number of asset objects unloaded after import = 5

========================================================================
Received Import Request.
  Time since last request: 0.000044 seconds.
  path: Assets/Samples/Scriptable Render Pipeline Core/17.3.0/Common/Materials/Shaders/SamplesCrossLit.shadergraph
  artifactKey: Guid(181d9f8961a46b84fa2b2acfc30cdf9c) Importer(815301076,1909f56bfc062723c751e8b465ee728b)
Start importing Assets/Samples/Scriptable Render Pipeline Core/17.3.0/Common/Materials/Shaders/SamplesCrossLit.shadergraph using Guid(181d9f8961a46b84fa2b2acfc30cdf9c) Importer(815301076,1909f56bfc062723c751e8b465ee728b) (PreviewImporter) -> (artifact id: '33be895e9cd7aba7421458d41144bdd0') in 0.0430305 seconds
Number of updated asset objects reloaded before import = 0Number of asset objects unloaded after import = 6

========================================================================
Received Import Request.
  Time since last request: 0.000077 seconds.
  path: Assets/Samples/Universal Render Pipeline/17.3.0/URP Package Samples/CameraStacking/3D Skybox/Shaders/SkyPlanet.shadergraph
  artifactKey: Guid(40f56175ab2214d54b4b9d869609e6e5) Importer(815301076,1909f56bfc062723c751e8b465ee728b)
Start importing Assets/Samples/Universal Render Pipeline/17.3.0/URP Package Samples/CameraStacking/3D Skybox/Shaders/SkyPlanet.shadergraph using Guid(40f56175ab2214d54b4b9d869609e6e5) Importer(815301076,1909f56bfc062723c751e8b465ee728b) (PreviewImporter) -> (artifact id: 'ebb2b789102d2ec41549bd4f0189411e') in 0.0276332 seconds
Number of updated asset objects reloaded before import = 0Number of asset objects unloaded after import = 6

========================================================================
Received Import Request.
  Time since last request: 0.000058 seconds.
  path: Assets/Samples/Scriptable Render Pipeline Core/17.3.0/Common/Materials/Samples_Platform.mat
  artifactKey: Guid(25a9739d74f47314c9cd2d850a5357c0) Importer(815301076,1909f56bfc062723c751e8b465ee728b)
Start importing Assets/Samples/Scriptable Render Pipeline Core/17.3.0/Common/Materials/Samples_Platform.mat using Guid(25a9739d74f47314c9cd2d850a5357c0) Importer(815301076,1909f56bfc062723c751e8b465ee728b) (PreviewImporter) -> (artifact id: '7c4bef9ea9ade960f3a33ec37b2c7b4d') in 0.0526346 seconds
Number of updated asset objects reloaded before import = 0Number of asset objects unloaded after import = 8

========================================================================
Received Import Request.
  Time since last request: 0.000076 seconds.
  path: Assets/Samples/Universal Render Pipeline/17.3.0/URP Package Samples/RendererFeatures/DistortTunnel/Plane/Plane_Trail.mat
  artifactKey: Guid(0cfa3685300df13448a271ad4d7bf398) Importer(815301076,1909f56bfc062723c751e8b465ee728b)
Start importing Assets/Samples/Universal Render Pipeline/17.3.0/URP Package Samples/RendererFeatures/DistortTunnel/Plane/Plane_Trail.mat using Guid(0cfa3685300df13448a271ad4d7bf398) Importer(815301076,1909f56bfc062723c751e8b465ee728b) (PreviewImporter) -> (artifact id: 'dd98edfaaedc95e58d279ba270672bc8') in 0.0647273 seconds
Number of updated asset objects reloaded before import = 0Number of asset objects unloaded after import = 1

========================================================================
Received Import Request.
  Time since last request: 0.000055 seconds.
  path: Assets/Samples/Universal Render Pipeline/17.3.0/URP Package Samples/SharedAssets/Materials/Orange.mat
  artifactKey: Guid(7c917239ee790461b8b46b53c2ffd0d2) Importer(815301076,1909f56bfc062723c751e8b465ee728b)
Start importing Assets/Samples/Universal Render Pipeline/17.3.0/URP Package Samples/SharedAssets/Materials/Orange.mat using Guid(7c917239ee790461b8b46b53c2ffd0d2) Importer(815301076,1909f56bfc062723c751e8b465ee728b) (PreviewImporter) -> (artifact id: '8111e8b209386993cab7976b5f60af8c') in 0.0338435 seconds
Number of updated asset objects reloaded before import = 0Number of asset objects unloaded after import = 1

========================================================================
Received Import Request.
  Time since last request: 0.000064 seconds.
  path: Assets/Samples/Universal Render Pipeline/17.3.0/URP Package Samples/Decals/ProxyLighting/Shaders/PointLight_Graph.shadergraph
  artifactKey: Guid(ec36f8e2ccdaf497190c1d96853d1551) Importer(815301076,1909f56bfc062723c751e8b465ee728b)
Start importing Assets/Samples/Universal Render Pipeline/17.3.0/URP Package Samples/Decals/ProxyLighting/Shaders/PointLight_Graph.shadergraph using Guid(ec36f8e2ccdaf497190c1d96853d1551) Importer(815301076,1909f56bfc062723c751e8b465ee728b) (PreviewImporter) -> (artifact id: 'e26e8e5bcb683553bf85415ed156a7ed') in 0.0274281 seconds
Number of updated asset objects reloaded before import = 0Number of asset objects unloaded after import = 2

========================================================================
Received Import Request.
  Time since last request: 0.000059 seconds.
  path: Assets/Samples/Scriptable Render Pipeline Core/17.3.0/Common/Materials/SamplesSpotlightEmissive.mat
  artifactKey: Guid(59f9c77da24034145adf7056aaeb4174) Importer(815301076,1909f56bfc062723c751e8b465ee728b)
Start importing Assets/Samples/Scriptable Render Pipeline Core/17.3.0/Common/Materials/SamplesSpotlightEmissive.mat using Guid(59f9c77da24034145adf7056aaeb4174) Importer(815301076,1909f56bfc062723c751e8b465ee728b) (PreviewImporter) -> (artifact id: '307e91028439c4b0ced1642a5f439ace') in 0.0436056 seconds
Number of updated asset objects reloaded before import = 0Number of asset objects unloaded after import = 6

========================================================================
Received Import Request.
  Time since last request: 0.000077 seconds.
  path: Assets/Samples/Scriptable Render Pipeline Core/17.3.0/Common/Materials/Samples_BlackPaint.mat
  artifactKey: Guid(735e5139c2106f54096a4ebbeea42ac7) Importer(815301076,1909f56bfc062723c751e8b465ee728b)
Start importing Assets/Samples/Scriptable Render Pipeline Core/17.3.0/Common/Materials/Samples_BlackPaint.mat using Guid(735e5139c2106f54096a4ebbeea42ac7) Importer(815301076,1909f56bfc062723c751e8b465ee728b) (PreviewImporter) -> (artifact id: '9959c8b63bd63bc62ee6bd977649082a') in 0.0486341 seconds
Number of updated asset objects reloaded before import = 0Number of asset objects unloaded after import = 8

Editor requested this worker to shutdown with reason: Scaling down because of idle timeout
AssetImportWorker is now disconnected from the server
Process exiting
Exiting without the bug reporter. Application will terminate with return code 0