[Licensing::Module] Trying to connect to existing licensing client channel...
Built from '6000.3/respin/6000.3.6f1-732c1ec89f18' branch; Version is '6000.3.6f1 (bbb010bdb8a3) revision 12300304'; Using compiler version '194234433'; Build Type 'Release'
[Licensing::IpcConnector] Successfully connected to: "LicenseClient-heibb" at "2026-03-24T02:13:24.9742862Z"
OS: 'Windows 11  (10.0.26200) CoreSingleLanguage' Language: 'es' Physical Memory: 24458 MB
BatchMode: 1, IsHumanControllingUs: 0, StartBugReporterOnCrash: 0, Is64bit: 1
System  architecture: x64
Process architecture: x64
Date: 2026-03-24T02:13:24Z

COMMAND LINE ARGUMENTS:
C:\Program Files\Unity\Hub\Editor\6000.3.6f1\Editor\Unity.exe
-adb2
-batchMode
-noUpm
-name
AssetImportWorker5
-projectPath
C:/Users/heibb/my zany vehicule
-logFile
Logs/AssetImportWorker5.log
-srvPort
59234
-licensingIpc
LicenseClient-heibb
-job-worker-count
7
-background-job-worker-count
8
-gc-helper-count
1
-name
AssetImport
Successfully changed project path to: C:/Users/heibb/my zany vehicule
C:/Users/heibb/my zany vehicule
[UnityMemory] Configuration Parameters - Can be set up in boot.config
    "memorysetup-temp-allocator-size-nav-mesh-worker=65536"
    "memorysetup-temp-allocator-size-audio-worker=65536"
    "memorysetup-temp-allocator-size-gfx=262144"
    "memorysetup-allocator-temp-initial-block-size-main=262144"
    "memorysetup-allocator-temp-initial-block-size-worker=262144"
    "memorysetup-temp-allocator-size-background-worker=32768"
    "memorysetup-temp-allocator-size-job-worker=262144"
    "memorysetup-temp-allocator-size-preload-manager=33554432"
    "memorysetup-temp-allocator-size-gi-baking-worker=262144"
    "memorysetup-temp-allocator-size-gi-baking-worker=262144"
    "memorysetup-temp-allocator-size-gi-baking-worker=262144"
    "memorysetup-temp-allocator-size-gi-baking-worker=262144"
    "memorysetup-temp-allocator-size-gi-baking-worker=262144"
    "memorysetup-bucket-allocator-granularity=16"
    "memorysetup-bucket-allocator-bucket-count=8"
    "memorysetup-bucket-allocator-block-size=33554432"
    "memorysetup-bucket-allocator-block-count=8"
    "memorysetup-main-allocator-block-size=16777216"
    "memorysetup-thread-allocator-block-size=16777216"
    "memorysetup-gfx-main-allocator-block-size=16777216"
    "memorysetup-gfx-thread-allocator-block-size=16777216"
    "memorysetup-cache-allocator-block-size=4194304"
    "memorysetup-typetree-allocator-block-size=2097152"
    "memorysetup-profiler-bucket-allocator-granularity=16"
    "memorysetup-profiler-bucket-allocator-bucket-count=8"
    "memorysetup-profiler-bucket-allocator-block-size=33554432"
    "memorysetup-profiler-bucket-allocator-block-count=8"
    "memorysetup-profiler-allocator-block-size=16777216"
    "memorysetup-profiler-editor-allocator-block-size=1048576"
    "memorysetup-temp-allocator-size-main=16777216"
    "memorysetup-job-temp-allocator-block-size=2097152"
    "memorysetup-job-temp-allocator-block-size-background=1048576"
    "memorysetup-job-temp-allocator-reduction-small-platforms=262144"
    "memorysetup-temp-allocator-size-cloud-worker=32768"
Player connection [31984]  Target information:

Player connection [31984]  * "[IP] 192.168.1.9 [Port] 0 [Flags] 2 [Guid] 2276185146 [EditorId] 2276185146 [Version] 1048832 [Id] WindowsEditor(7,Lila) [Debug] 1 [PackageName] WindowsEditor [ProjectName] Editor" 

Player connection [31984]  * "[IP] 192.168.137.1 [Port] 0 [Flags] 2 [Guid] 2276185146 [EditorId] 2276185146 [Version] 1048832 [Id] WindowsEditor(7,Lila) [Debug] 1 [PackageName] WindowsEditor [ProjectName] Editor" 

Player connection [31984] Host joined multi-casting on [225.0.0.222:54997]...
Player connection [31984] Host joined alternative multi-casting on [225.0.0.222:34997]...
JobSystem: Creating JobQueue using job-worker-count value 7
Input System module state changed to: Initialized.
[Physics::Module] Initialized fallback backend.
[Physics::Module] Id: 0xdecafbad
Library Redirect Path: Library/
[Physics::Module] Selected backend.
[Physics::Module] Name: PhysX
[Physics::Module] Id: 0xf2b8ea05
[Physics::Module] SDK Version: 4.1.2
[Physics::Module] Integration Version: 1.0.0
[Physics::Module] Threading Mode: Multi-Threaded
Refreshing native plugins compatible for Editor in 6.14 ms, found 3 plugins.
Preloading 0 native plugins for Editor in 0.00 ms.
Initialize engine version: 6000.3.6f1 (bbb010bdb8a3)
[Subsystems] Discovering subsystems at path C:/Program Files/Unity/Hub/Editor/6000.3.6f1/Editor/Data/Resources/UnitySubsystems
[Subsystems] Discovering subsystems at path C:/Users/heibb/my zany vehicule/Assets
GfxDevice: creating device client; kGfxThreadingModeNonThreaded
Direct3D:
    Version:  Direct3D 11.0 [level 11.1]
    Renderer: AMD Radeon(TM) Graphics (ID=0x164c)
    Vendor:   ATI
    VRAM:     12229 MB
    Driver:   31.0.21923.11000
Initialize mono
Mono path[0] = 'C:/Program Files/Unity/Hub/Editor/6000.3.6f1/Editor/Data/Managed'
Mono path[1] = 'C:/Program Files/Unity/Hub/Editor/6000.3.6f1/Editor/Data/MonoBleedingEdge/lib/mono/unityjit-win32'
Mono config path = 'C:/Program Files/Unity/Hub/Editor/6000.3.6f1/Editor/Data/MonoBleedingEdge/etc'
Using monoOptions --debugger-agent=transport=dt_socket,embedding=1,server=y,suspend=n,address=127.0.0.1:56572
Begin MonoManager ReloadAssembly
Registering precompiled unity dll's ...
Register platform support module: C:/Program Files/Unity/Hub/Editor/6000.3.6f1/Editor/Data/PlaybackEngines/WindowsStandaloneSupport/UnityEditor.WindowsStandalone.Extensions.dll
Registered in 0.005136 seconds.
- Loaded All Assemblies, in  0.991 seconds
Native extension for WindowsStandalone target not found
ScheduleIndexationOnStartup MainProcess:False IndexOnStartup:True
Mono: successfully reloaded assembly
- Finished resetting the current domain, in  0.999 seconds
Domain Reload Profiling: 1980ms
	BeginReloadAssembly (341ms)
		ExecutionOrderSort (0ms)
		DisableScriptedObjects (0ms)
		BackupInstance (0ms)
		ReleaseScriptingObjects (0ms)
		CreateAndSetChildDomain (1ms)
	RebuildCommonClasses (90ms)
	RebuildNativeTypeToScriptingClass (31ms)
	initialDomainReloadingComplete (115ms)
	LoadAllAssembliesAndSetupDomain (403ms)
		LoadAssemblies (331ms)
		RebuildTransferFunctionScriptingTraits (0ms)
		AnalyzeDomain (397ms)
			TypeCache.Refresh (394ms)
				TypeCache.ScanAssembly (366ms)
			BuildScriptInfoCaches (0ms)
			ResolveRequiredComponents (1ms)
	FinalizeReload (999ms)
		ReleaseScriptCaches (0ms)
		RebuildScriptCaches (0ms)
		SetupLoadedEditorAssemblies (890ms)
			LogAssemblyErrors (0ms)
			InitializePlatformSupportModulesInManaged (112ms)
			SetLoadedEditorAssemblies (9ms)
			BeforeProcessingInitializeOnLoad (212ms)
			ProcessInitializeOnLoadAttributes (384ms)
			ProcessInitializeOnLoadMethodAttributes (172ms)
			AfterProcessingInitializeOnLoad (0ms)
			EditorAssembliesLoaded (0ms)
		ExecutionOrderSort2 (0ms)
		AwakeInstancesAfterBackupRestoration (0ms)
Assembly reference Packages/com.unity.cinemachine/Editor/Samples/ExposeHDRPInternals/HDRP-Editor-ref.asmref has no target assembly definition
========================================================================
Worker process is ready to serve import requests
Import Worker Mode flag is 0x00
Assembly reference Packages/com.unity.cinemachine/Editor/Samples/ExposeHDRPInternals/HDRP-Editor-ref.asmref has no target assembly definition
Assembly reference Packages/com.unity.cinemachine/Editor/Samples/ExposeHDRPInternals/HDRP-Editor-ref.asmref has no target assembly definition
Begin MonoManager ReloadAssembly
[Licensing::Module] Licensing is not yet initialized.
[Licensing::Client] Handshaking with LicensingClient:
  Version:                 1.17.4+4293ba1
  Session Id:              faa0e52533ed4be59ca7da002dd411e7
  Correlation Id:          e2a297a0a4fe8af95bd46139e3581186
  External correlation Id: 9002284051806362693
  Machine Id:              sjB7pXHAGfyq01dJ1UxMVTTi/vo=
[Licensing::Module] Successfully connected to LicensingClient on channel: "LicenseClient-heibb" (connect: 0.00s, validation: 0.00s, handshake: 4.89s)
[Licensing::IpcConnector] Successfully connected to: "LicenseClient-heibb-notifications" at "2026-03-24T02:13:29.8731879Z"
[Licensing::Module] Licensing Background thread has ended after 4.90s
[Licensing::Module] Licensing is initialized (took 1.06s).
[Licensing::Client] Successfully resolved entitlement details
[Licensing::Module] License group:
  Id: 4673595597567-UnityPersXXXX
  Product: Unity Personal
  Type: Assigned
  Expiration: Unlimited
- Loaded All Assemblies, in  3.039 seconds
Assembly reference Packages/com.unity.cinemachine/Editor/Samples/ExposeHDRPInternals/HDRP-Editor-ref.asmref has no target assembly definition
'Packages/com.unity.cinemachine/Editor/Obsolete/CinemachineVirtualCameraBaseEditor.cs' contains partial class of Unity.Object, exactly 1 of the partial classes needs to be in a file with the same filename. This is to know the one that can be referenced from ie. GameObjects
'Packages/com.unity.cinemachine/Editor/Editors/CinemachineVirtualCameraBaseEditor.cs' contains partial class of Unity.Object, exactly 1 of the partial classes needs to be in a file with the same filename. This is to know the one that can be referenced from ie. GameObjects
Refreshing native plugins compatible for Editor in 3.06 ms, found 3 plugins.
PC_Renderer is missing RendererFeatures
This could be due to missing scripts or compile error.
UnityEngine.Debug:ExtractStackTraceNoAlloc (byte*,int,string)
UnityEngine.StackTraceUtility:ExtractStackTrace ()
UnityEngine.DebugLogHandler:Internal_Log (UnityEngine.LogType,UnityEngine.LogOption,string,UnityEngine.Object)
UnityEngine.DebugLogHandler:LogFormat (UnityEngine.LogType,UnityEngine.Object,string,object[])
UnityEngine.Logger:Log (UnityEngine.LogType,object,UnityEngine.Object)
UnityEngine.Debug:LogError (object,UnityEngine.Object)
UnityEngine.Rendering.Universal.ScriptableRendererData:ValidateRendererFeatures () (at ./Library/PackageCache/com.unity.render-pipelines.universal@1e87cf1dccb8/Runtime/ScriptableRendererData.cs:193)
UnityEngine.Rendering.Universal.ScriptableRendererData:OnValidate () (at ./Library/PackageCache/com.unity.render-pipelines.universal@1e87cf1dccb8/Runtime/ScriptableRendererData.cs:81)

(Filename: ./Library/PackageCache/com.unity.render-pipelines.universal@1e87cf1dccb8/Runtime/ScriptableRendererData.cs Line: 193)

Native extension for WindowsStandalone target not found
Assembly reference Packages/com.unity.cinemachine/Editor/Samples/ExposeHDRPInternals/HDRP-Editor-ref.asmref has no target assembly definition
Package Manager log level set to [2]
[Package Manager] Failed to launch server process. Reason: Unity was launched with the -noUpm command-line argument
[Package Manager] Unable to send message (not connected to server process).
[Package Manager] Cannot connect to Unity Package Manager local server
[Package Manager] Failed to launch server process. Reason: Unity was launched with the -noUpm command-line argument
[Package Manager] Unable to send message (not connected to server process).
[Package Manager] Cannot connect to Unity Package Manager local server
ScheduleIndexationOnStartup MainProcess:False IndexOnStartup:True
Mono: successfully reloaded assembly
- Finished resetting the current domain, in  1.925 seconds
Domain Reload Profiling: 4947ms
	BeginReloadAssembly (1482ms)
		ExecutionOrderSort (0ms)
		DisableScriptedObjects (12ms)
		BackupInstance (0ms)
		ReleaseScriptingObjects (0ms)
		CreateAndSetChildDomain (60ms)
	RebuildCommonClasses (97ms)
	RebuildNativeTypeToScriptingClass (33ms)
	initialDomainReloadingComplete (95ms)
	LoadAllAssembliesAndSetupDomain (1314ms)
		LoadAssemblies (886ms)
		RebuildTransferFunctionScriptingTraits (0ms)
		AnalyzeDomain (668ms)
			TypeCache.Refresh (443ms)
				TypeCache.ScanAssembly (412ms)
			BuildScriptInfoCaches (170ms)
			ResolveRequiredComponents (46ms)
	FinalizeReload (1926ms)
		ReleaseScriptCaches (0ms)
		RebuildScriptCaches (0ms)
		SetupLoadedEditorAssemblies (1412ms)
			LogAssemblyErrors (0ms)
			InitializePlatformSupportModulesInManaged (4ms)
			SetLoadedEditorAssemblies (11ms)
			BeforeProcessingInitializeOnLoad (383ms)
			ProcessInitializeOnLoadAttributes (833ms)
			ProcessInitializeOnLoadMethodAttributes (162ms)
			AfterProcessingInitializeOnLoad (18ms)
			EditorAssembliesLoaded (1ms)
		ExecutionOrderSort2 (0ms)
		AwakeInstancesAfterBackupRestoration (14ms)
Launched and connected shader compiler UnityShaderCompiler.exe after 0.03 seconds
Refreshing native plugins compatible for Editor in 2.90 ms, found 3 plugins.
Preloading 0 native plugins for Editor in 0.00 ms.
Unloading 18 Unused Serialized files (Serialized files now loaded: 0)
Unloading 6730 unused Assets / (4.7 MB). Loaded Objects now: 7554.
Memory consumption went from 154.6 MB to 149.9 MB.
Total: 19.975000 ms (FindLiveObjects: 1.378800 ms CreateObjectMapping: 1.639000 ms MarkObjects: 12.143500 ms  DeleteObjects: 4.810000 ms)

========================================================================
Received Import Request.
  Time since last request: 907417.116965 seconds.
  path: Assets/Prefabs/materials_ground/Mat_Arrecife.mat
  artifactKey: Guid(39782dc746fb3424084557d269005fd0) Importer(815301076,1909f56bfc062723c751e8b465ee728b)
Start importing Assets/Prefabs/materials_ground/Mat_Arrecife.mat using Guid(39782dc746fb3424084557d269005fd0) Importer(815301076,1909f56bfc062723c751e8b465ee728b) (PreviewImporter) -> (artifact id: '8d8933a35e7b4a57df142eda783a7353') in 1.1311603 seconds
Number of updated asset objects reloaded before import = 0Number of asset objects unloaded after import = 1

========================================================================
Received Import Request.
  Time since last request: 21.783179 seconds.
  path: Assets/Prefabs/materials_ground/wall.shadergraph
  artifactKey: Guid(56ecc7a3db7e2ad419d4193cddcb7751) Importer(2089858483,b0f066a214c2f5e87bad3c948f4d605d)
Start importing Assets/Prefabs/materials_ground/wall.shadergraph using Guid(56ecc7a3db7e2ad419d4193cddcb7751) Importer(2089858483,b0f066a214c2f5e87bad3c948f4d605d) (ScriptedImporter) -> (artifact id: '0f33b0a086a47fb08b24353bc858d3cd') in 0.6327981 seconds
Number of updated asset objects reloaded before import = 0Number of asset objects unloaded after import = 5

========================================================================
Received Import Request.
  Time since last request: 1592.041192 seconds.
  path: Assets/Prefabs/materials_ground/wall.shadergraph
  artifactKey: Guid(56ecc7a3db7e2ad419d4193cddcb7751) Importer(815301076,1909f56bfc062723c751e8b465ee728b)
Start importing Assets/Prefabs/materials_ground/wall.shadergraph using Guid(56ecc7a3db7e2ad419d4193cddcb7751) Importer(815301076,1909f56bfc062723c751e8b465ee728b) (PreviewImporter) -> (artifact id: '440db63279ba67842a78f4a8c904aada') in 1.1286202 seconds
Number of updated asset objects reloaded before import = 0Number of asset objects unloaded after import = 5

========================================================================
Received Import Request.
  Time since last request: 66.757036 seconds.
  path: Assets/Prefabs/materials_ground/wall.shadergraph
  artifactKey: Guid(56ecc7a3db7e2ad419d4193cddcb7751) Importer(815301076,1909f56bfc062723c751e8b465ee728b)
Start importing Assets/Prefabs/materials_ground/wall.shadergraph using Guid(56ecc7a3db7e2ad419d4193cddcb7751) Importer(815301076,1909f56bfc062723c751e8b465ee728b) (PreviewImporter) -> (artifact id: '0ee57f37e88aa05f7c3d590064b384f8') in 1.0272611 seconds
Number of updated asset objects reloaded before import = 0Number of asset objects unloaded after import = 5

========================================================================
Received Import Request.
  Time since last request: 62.568863 seconds.
  path: Assets/Prefabs/materials_ground/wall.shadergraph
  artifactKey: Guid(56ecc7a3db7e2ad419d4193cddcb7751) Importer(815301076,1909f56bfc062723c751e8b465ee728b)
Start importing Assets/Prefabs/materials_ground/wall.shadergraph using Guid(56ecc7a3db7e2ad419d4193cddcb7751) Importer(815301076,1909f56bfc062723c751e8b465ee728b) (PreviewImporter) -> (artifact id: 'e469d5faabc3a03a6b381e302363a718') in 1.0412772 seconds
Number of updated asset objects reloaded before import = 0Number of asset objects unloaded after import = 5

========================================================================
Received Import Request.
  Time since last request: 534.158295 seconds.
  path: Assets/Prefabs/materials_ground/wall.shadergraph
  artifactKey: Guid(56ecc7a3db7e2ad419d4193cddcb7751) Importer(815301076,1909f56bfc062723c751e8b465ee728b)
Start importing Assets/Prefabs/materials_ground/wall.shadergraph using Guid(56ecc7a3db7e2ad419d4193cddcb7751) Importer(815301076,1909f56bfc062723c751e8b465ee728b) (PreviewImporter) -> (artifact id: '0d522f858be699d78af60c652c98fef5') in 1.0270172 seconds
Number of updated asset objects reloaded before import = 0Number of asset objects unloaded after import = 5

========================================================================
Received Import Request.
  Time since last request: 0.000057 seconds.
  path: Assets/Prefabs/materials_ground/wall.shadergraph
  artifactKey: Guid(56ecc7a3db7e2ad419d4193cddcb7751) Importer(2089858483,b0f066a214c2f5e87bad3c948f4d605d)
Start importing Assets/Prefabs/materials_ground/wall.shadergraph using Guid(56ecc7a3db7e2ad419d4193cddcb7751) Importer(2089858483,b0f066a214c2f5e87bad3c948f4d605d) (ScriptedImporter) -> (artifact id: 'f3222e218292a5e98ab3a2152c02c1da') in 0.03805 seconds
Number of updated asset objects reloaded before import = 0Number of asset objects unloaded after import = 5

========================================================================
Received Import Request.
  Time since last request: 400.198209 seconds.
  path: Assets/Prefabs/materials_ground/wall.shadergraph
  artifactKey: Guid(56ecc7a3db7e2ad419d4193cddcb7751) Importer(815301076,1909f56bfc062723c751e8b465ee728b)
Start importing Assets/Prefabs/materials_ground/wall.shadergraph using Guid(56ecc7a3db7e2ad419d4193cddcb7751) Importer(815301076,1909f56bfc062723c751e8b465ee728b) (PreviewImporter) -> (artifact id: '0f33b4325534f3d0de2a3bb9547d2612') in 1.0912792 seconds
Number of updated asset objects reloaded before import = 0Number of asset objects unloaded after import = 6

========================================================================
Received Import Request.
  Time since last request: 0.000060 seconds.
  path: Assets/Prefabs/materials_ground/wall.shadergraph
  artifactKey: Guid(56ecc7a3db7e2ad419d4193cddcb7751) Importer(2089858483,b0f066a214c2f5e87bad3c948f4d605d)
Start importing Assets/Prefabs/materials_ground/wall.shadergraph using Guid(56ecc7a3db7e2ad419d4193cddcb7751) Importer(2089858483,b0f066a214c2f5e87bad3c948f4d605d) (ScriptedImporter) -> (artifact id: '551b23986f8e94cdad5f50e8ca2f9a34') in 0.033757 seconds
Number of updated asset objects reloaded before import = 0Number of asset objects unloaded after import = 6

========================================================================
Received Import Request.
  Time since last request: 180.080618 seconds.
  path: Assets/Prefabs/materials_ground/wallsi.shadergraph
  artifactKey: Guid(58e9e9e2bb7e5004db4f6a555321f2e5) Importer(2089858483,b0f066a214c2f5e87bad3c948f4d605d)
Start importing Assets/Prefabs/materials_ground/wallsi.shadergraph using Guid(58e9e9e2bb7e5004db4f6a555321f2e5) Importer(2089858483,b0f066a214c2f5e87bad3c948f4d605d) (ScriptedImporter) -> (artifact id: '57149e8dcd502059bd3d74be73084439') in 0.3929476 seconds
Number of updated asset objects reloaded before import = 0Number of asset objects unloaded after import = 5

========================================================================
Received Import Request.
  Time since last request: 124.577356 seconds.
  path: Assets/Prefabs/materials_ground/floor.mat
  artifactKey: Guid(15f90096060128b4a99d3892b1647e34) Importer(815301076,1909f56bfc062723c751e8b465ee728b)
Start importing Assets/Prefabs/materials_ground/floor.mat using Guid(15f90096060128b4a99d3892b1647e34) Importer(815301076,1909f56bfc062723c751e8b465ee728b) (PreviewImporter) -> (artifact id: '5a04967574847054f4433641058a8374') in 0.0537962 seconds
Number of updated asset objects reloaded before import = 0Number of asset objects unloaded after import = 7

========================================================================
Received Import Request.
  Time since last request: 0.758134 seconds.
  path: Assets/Prefabs/materials_ground/floor.mat
  artifactKey: Guid(15f90096060128b4a99d3892b1647e34) Importer(2089858483,b0f066a214c2f5e87bad3c948f4d605d)
Start importing Assets/Prefabs/materials_ground/floor.mat using Guid(15f90096060128b4a99d3892b1647e34) Importer(2089858483,b0f066a214c2f5e87bad3c948f4d605d) (ScriptedImporter) -> (artifact id: 'e3570f53077e0360e414902f65d6e7f2') in 0.047325 seconds
Number of updated asset objects reloaded before import = 0Number of asset objects unloaded after import = 7

========================================================================
Received Import Request.
  Time since last request: 104.794841 seconds.
  path: Assets/Prefabs/materials_ground/wallsi.shadergraph
  artifactKey: Guid(58e9e9e2bb7e5004db4f6a555321f2e5) Importer(2089858483,b0f066a214c2f5e87bad3c948f4d605d)
Start importing Assets/Prefabs/materials_ground/wallsi.shadergraph using Guid(58e9e9e2bb7e5004db4f6a555321f2e5) Importer(2089858483,b0f066a214c2f5e87bad3c948f4d605d) (ScriptedImporter) -> (artifact id: '1203daa54f87d022f0a3cae975f0ac93') in 0.358921 seconds
Number of updated asset objects reloaded before import = 0Number of asset objects unloaded after import = 6

========================================================================
Received Import Request.
  Time since last request: 533.274242 seconds.
  path: Assets/Samples/Universal Render Pipeline/17.3.0/URP Package Samples/Shaders/Lit/Materials/WithoutNormalMap.mat
  artifactKey: Guid(92b3aa099ecb9483381c91aba9894aad) Importer(815301076,1909f56bfc062723c751e8b465ee728b)
Start importing Assets/Samples/Universal Render Pipeline/17.3.0/URP Package Samples/Shaders/Lit/Materials/WithoutNormalMap.mat using Guid(92b3aa099ecb9483381c91aba9894aad) Importer(815301076,1909f56bfc062723c751e8b465ee728b) (PreviewImporter) -> (artifact id: 'ca1dee93ce6c45fd1f8c49e4184c39e8') in 0.0466992 seconds
Number of updated asset objects reloaded before import = 0Number of asset objects unloaded after import = 1

========================================================================
Received Import Request.
  Time since last request: 0.000069 seconds.
  path: Assets/Samples/Universal Render Pipeline/17.3.0/URP Package Samples/Shaders/Lit/Materials/WithHeightMap.mat
  artifactKey: Guid(673fd4308d68a4e6eb452d59b21ff3d4) Importer(815301076,1909f56bfc062723c751e8b465ee728b)
Start importing Assets/Samples/Universal Render Pipeline/17.3.0/URP Package Samples/Shaders/Lit/Materials/WithHeightMap.mat using Guid(673fd4308d68a4e6eb452d59b21ff3d4) Importer(815301076,1909f56bfc062723c751e8b465ee728b) (PreviewImporter) -> (artifact id: '1c82e7b5053b6fdcc668d05836c45e77') in 6.6200519 seconds
Number of updated asset objects reloaded before import = 0Number of asset objects unloaded after import = 3

========================================================================
Received Import Request.
  Time since last request: 0.000071 seconds.
  path: Assets/TextMesh Pro/Shaders/TMP_SDF-URP Unlit.shadergraph
  artifactKey: Guid(124c112a6e8f1a54e8b0870e881b56d8) Importer(815301076,1909f56bfc062723c751e8b465ee728b)
Start importing Assets/TextMesh Pro/Shaders/TMP_SDF-URP Unlit.shadergraph using Guid(124c112a6e8f1a54e8b0870e881b56d8) Importer(815301076,1909f56bfc062723c751e8b465ee728b) (PreviewImporter) -> (artifact id: '8e61b7656cdd8b7dc25a344c93baf3ae') in 1.364707 seconds
Number of updated asset objects reloaded before import = 0Number of asset objects unloaded after import = 3

========================================================================
Received Import Request.
  Time since last request: 0.000069 seconds.
  path: Assets/Samples/Universal Render Pipeline/17.3.0/URP Package Samples/SharedAssets/Materials/White.mat
  artifactKey: Guid(ec1179175ec9b4c0c8faa41f6ee73a0a) Importer(815301076,1909f56bfc062723c751e8b465ee728b)
Start importing Assets/Samples/Universal Render Pipeline/17.3.0/URP Package Samples/SharedAssets/Materials/White.mat using Guid(ec1179175ec9b4c0c8faa41f6ee73a0a) Importer(815301076,1909f56bfc062723c751e8b465ee728b) (PreviewImporter) -> (artifact id: '6cc41c76056335a855e1b197c238297c') in 0.041069 seconds
Number of updated asset objects reloaded before import = 0Number of asset objects unloaded after import = 1

========================================================================
Received Import Request.
  Time since last request: 0.000067 seconds.
  path: Assets/Samples/Scriptable Render Pipeline Core/17.3.0/RendererShaderUserValue_Common/Materials/Soldier/Soldier.mat
  artifactKey: Guid(fedf653bcb23d544192781d679700e05) Importer(815301076,1909f56bfc062723c751e8b465ee728b)
Start importing Assets/Samples/Scriptable Render Pipeline Core/17.3.0/RendererShaderUserValue_Common/Materials/Soldier/Soldier.mat using Guid(fedf653bcb23d544192781d679700e05) Importer(815301076,1909f56bfc062723c751e8b465ee728b) (PreviewImporter) -> (artifact id: '0a3c7b0f70fa7c1871aabe1815394d29') in 0.3954971 seconds
Number of updated asset objects reloaded before import = 0Number of asset objects unloaded after import = 19

========================================================================
Received Import Request.
  Time since last request: 0.000063 seconds.
  path: Assets/TextMesh Pro/Resources/Fonts & Materials/LiberationSans SDF - Outline.mat
  artifactKey: Guid(79459efec17a4d00a321bdcc27bbc385) Importer(815301076,1909f56bfc062723c751e8b465ee728b)
Start importing Assets/TextMesh Pro/Resources/Fonts & Materials/LiberationSans SDF - Outline.mat using Guid(79459efec17a4d00a321bdcc27bbc385) Importer(815301076,1909f56bfc062723c751e8b465ee728b) (PreviewImporter) -> (artifact id: '14ce4f6f949f1af76c806d718bbb01b0') in 0.0666178 seconds
Number of updated asset objects reloaded before import = 0Number of asset objects unloaded after import = 2

========================================================================
Received Import Request.
  Time since last request: 0.000075 seconds.
  path: Assets/Samples/Scriptable Render Pipeline Core/17.3.0/RendererShaderUserValue_Common/Materials/Agora/LitWhite.mat
  artifactKey: Guid(e9f4b183a58566d4299b2751d631355f) Importer(815301076,1909f56bfc062723c751e8b465ee728b)
Start importing Assets/Samples/Scriptable Render Pipeline Core/17.3.0/RendererShaderUserValue_Common/Materials/Agora/LitWhite.mat using Guid(e9f4b183a58566d4299b2751d631355f) Importer(815301076,1909f56bfc062723c751e8b465ee728b) (PreviewImporter) -> (artifact id: 'e846f5ba8b049cd1b79643ac6ba0dc03') in 0.1275178 seconds
Number of updated asset objects reloaded before import = 0Number of asset objects unloaded after import = 6

========================================================================
Received Import Request.
  Time since last request: 0.000064 seconds.
  path: Assets/Samples/Scriptable Render Pipeline Core/17.3.0/RendererShaderUserValue_Common/Materials/ShaderGraphs/SG_Soldier.shadergraph
  artifactKey: Guid(6c56e450627f8d148b4739648d06092a) Importer(815301076,1909f56bfc062723c751e8b465ee728b)
Start importing Assets/Samples/Scriptable Render Pipeline Core/17.3.0/RendererShaderUserValue_Common/Materials/ShaderGraphs/SG_Soldier.shadergraph using Guid(6c56e450627f8d148b4739648d06092a) Importer(815301076,1909f56bfc062723c751e8b465ee728b) (PreviewImporter) -> (artifact id: 'ee6832ccbce0f2cb588c351fe66bb96b') in 0.048439 seconds
Number of updated asset objects reloaded before import = 0Number of asset objects unloaded after import = 16

========================================================================
Received Import Request.
  Time since last request: 0.000079 seconds.
  path: Assets/Samples/Universal Render Pipeline/17.3.0/URP Package Samples/RendererFeatures/BlitToRTHandle/Sphere_Opaque.mat
  artifactKey: Guid(164a29654695fdc4aa5a32a6bdbd9694) Importer(815301076,1909f56bfc062723c751e8b465ee728b)
Start importing Assets/Samples/Universal Render Pipeline/17.3.0/URP Package Samples/RendererFeatures/BlitToRTHandle/Sphere_Opaque.mat using Guid(164a29654695fdc4aa5a32a6bdbd9694) Importer(815301076,1909f56bfc062723c751e8b465ee728b) (PreviewImporter) -> (artifact id: '587c5dec89a5d074330b83941c683e31') in 0.0391826 seconds
Number of updated asset objects reloaded before import = 0Number of asset objects unloaded after import = 1

========================================================================
Received Import Request.
  Time since last request: 0.000063 seconds.
  path: Assets/Samples/Scriptable Render Pipeline Core/17.3.0/Common/Materials/SamplesTurntable_White.mat
  artifactKey: Guid(1805e702256a0ba4c8f99e94e6a14e35) Importer(815301076,1909f56bfc062723c751e8b465ee728b)
Start importing Assets/Samples/Scriptable Render Pipeline Core/17.3.0/Common/Materials/SamplesTurntable_White.mat using Guid(1805e702256a0ba4c8f99e94e6a14e35) Importer(815301076,1909f56bfc062723c751e8b465ee728b) (PreviewImporter) -> (artifact id: 'f01f72d77a2e8096fe9fa5e4880e7ea8') in 0.1126591 seconds
Number of updated asset objects reloaded before import = 0Number of asset objects unloaded after import = 7

========================================================================
Received Import Request.
  Time since last request: 0.000063 seconds.
  path: Assets/TextMesh Pro/Resources/Fonts & Materials/LiberationSans SDF - Fallback.asset
  artifactKey: Guid(2e498d1c8094910479dc3e1b768306a4) Importer(815301076,1909f56bfc062723c751e8b465ee728b)
Start importing Assets/TextMesh Pro/Resources/Fonts & Materials/LiberationSans SDF - Fallback.asset using Guid(2e498d1c8094910479dc3e1b768306a4) Importer(815301076,1909f56bfc062723c751e8b465ee728b) (PreviewImporter) -> (artifact id: '12ad92565f1949a0c414b159d3096fa0') in 0.156631 seconds
Number of updated asset objects reloaded before import = 0Number of asset objects unloaded after import = 6

========================================================================
Received Import Request.
  Time since last request: 0.000081 seconds.
  path: Assets/TextMesh Pro/Resources/Fonts & Materials/LiberationSans SDF - Drop Shadow.mat
  artifactKey: Guid(e73a58f6e2794ae7b1b7e50b7fb811b0) Importer(815301076,1909f56bfc062723c751e8b465ee728b)
Start importing Assets/TextMesh Pro/Resources/Fonts & Materials/LiberationSans SDF - Drop Shadow.mat using Guid(e73a58f6e2794ae7b1b7e50b7fb811b0) Importer(815301076,1909f56bfc062723c751e8b465ee728b) (PreviewImporter) -> (artifact id: '462a63857b2ac305a3c0fa0f74e903b3') in 0.208786 seconds
Number of updated asset objects reloaded before import = 0Number of asset objects unloaded after import = 2

========================================================================
Received Import Request.
  Time since last request: 0.000056 seconds.
  path: Assets/Samples/Universal Render Pipeline/17.3.0/URP Package Samples/SharedAssets/Materials/Text.mat
  artifactKey: Guid(6a16993b78f2b4f85b82be4c42e0ebc4) Importer(815301076,1909f56bfc062723c751e8b465ee728b)
Start importing Assets/Samples/Universal Render Pipeline/17.3.0/URP Package Samples/SharedAssets/Materials/Text.mat using Guid(6a16993b78f2b4f85b82be4c42e0ebc4) Importer(815301076,1909f56bfc062723c751e8b465ee728b) (PreviewImporter) -> (artifact id: 'c1c42e9e0ce110cc7c8a62b3f494c22d') in 0.0253544 seconds
Number of updated asset objects reloaded before import = 0Number of asset objects unloaded after import = 2

========================================================================
Received Import Request.
  Time since last request: 0.000064 seconds.
  path: Assets/Samples/Universal Render Pipeline/17.3.0/URP Package Samples/SharedAssets/Fonts/Lato-Regular.ttf
  artifactKey: Guid(41c277dc43e1949a49ddfa34597b8af2) Importer(815301076,1909f56bfc062723c751e8b465ee728b)
Start importing Assets/Samples/Universal Render Pipeline/17.3.0/URP Package Samples/SharedAssets/Fonts/Lato-Regular.ttf using Guid(41c277dc43e1949a49ddfa34597b8af2) Importer(815301076,1909f56bfc062723c751e8b465ee728b) (PreviewImporter) -> (artifact id: 'e456c6963bfad40adb3c5a51b579c659') in 0.0543265 seconds
Number of updated asset objects reloaded before import = 0Number of asset objects unloaded after import = 4

========================================================================
Received Import Request.
  Time since last request: 0.000053 seconds.
  path: Assets/Samples/Universal Render Pipeline/17.3.0/URP RenderGraph Samples/FramebufferFetch/FrameBufferFetch.mat
  artifactKey: Guid(7e532af0922c9cb4f829b9b7bf9e7ccc) Importer(815301076,1909f56bfc062723c751e8b465ee728b)
Start importing Assets/Samples/Universal Render Pipeline/17.3.0/URP RenderGraph Samples/FramebufferFetch/FrameBufferFetch.mat using Guid(7e532af0922c9cb4f829b9b7bf9e7ccc) Importer(815301076,1909f56bfc062723c751e8b465ee728b) (PreviewImporter) -> (artifact id: '47bc3f40684f75faa3be1e7b152d94e2') in 0.0443366 seconds
Number of updated asset objects reloaded before import = 0Number of asset objects unloaded after import = 1

========================================================================
Received Import Request.
  Time since last request: 0.000043 seconds.
  path: Assets/Samples/Universal Render Pipeline/17.3.0/URP Package Samples/SharedAssets/Materials/Floor.mat
  artifactKey: Guid(e79ed9157b4994e41a8ded6cddc85b4d) Importer(815301076,1909f56bfc062723c751e8b465ee728b)
Start importing Assets/Samples/Universal Render Pipeline/17.3.0/URP Package Samples/SharedAssets/Materials/Floor.mat using Guid(e79ed9157b4994e41a8ded6cddc85b4d) Importer(815301076,1909f56bfc062723c751e8b465ee728b) (PreviewImporter) -> (artifact id: 'e5b2d46b9c845dd229bed1a14d6a9779') in 0.0434463 seconds
Number of updated asset objects reloaded before import = 0Number of asset objects unloaded after import = 1

========================================================================
Received Import Request.
  Time since last request: 0.000058 seconds.
  path: Assets/TextMesh Pro/Resources/Fonts & Materials/LiberationSans SDF.asset
  artifactKey: Guid(8f586378b4e144a9851e7b34d9b748ee) Importer(815301076,1909f56bfc062723c751e8b465ee728b)
Start importing Assets/TextMesh Pro/Resources/Fonts & Materials/LiberationSans SDF.asset using Guid(8f586378b4e144a9851e7b34d9b748ee) Importer(815301076,1909f56bfc062723c751e8b465ee728b) (PreviewImporter) -> (artifact id: '2883a5c2c321e815fa0f4dab28b41d61') in 0.074504 seconds
Number of updated asset objects reloaded before import = 0Number of asset objects unloaded after import = 9

========================================================================
Received Import Request.
  Time since last request: 0.000060 seconds.
  path: Assets/Samples/Universal Render Pipeline/17.3.0/URP Package Samples/Lighting/Reflection Probes/Scene Materials/Sphere.mat
  artifactKey: Guid(a7add17aad223f14b9ba891d8e704775) Importer(815301076,1909f56bfc062723c751e8b465ee728b)
Start importing Assets/Samples/Universal Render Pipeline/17.3.0/URP Package Samples/Lighting/Reflection Probes/Scene Materials/Sphere.mat using Guid(a7add17aad223f14b9ba891d8e704775) Importer(815301076,1909f56bfc062723c751e8b465ee728b) (PreviewImporter) -> (artifact id: '8072a6843e9fb416f25a46fe608b74e1') in 0.0364163 seconds
Number of updated asset objects reloaded before import = 0Number of asset objects unloaded after import = 1

========================================================================
Received Import Request.
  Time since last request: 0.000042 seconds.
  path: Assets/Samples/Universal Render Pipeline/17.3.0/URP Package Samples/Shaders/Lit/Materials/WithNormalMap.mat
  artifactKey: Guid(ba4db6da9324f499ab79a4b3c8e476d1) Importer(815301076,1909f56bfc062723c751e8b465ee728b)
Start importing Assets/Samples/Universal Render Pipeline/17.3.0/URP Package Samples/Shaders/Lit/Materials/WithNormalMap.mat using Guid(ba4db6da9324f499ab79a4b3c8e476d1) Importer(815301076,1909f56bfc062723c751e8b465ee728b) (PreviewImporter) -> (artifact id: 'fd59320ff3b88092db2d48a9b41098b1') in 6.5956353 seconds
Number of updated asset objects reloaded before import = 0Number of asset objects unloaded after import = 2

========================================================================
Received Import Request.
  Time since last request: 0.000067 seconds.
  path: Assets/Samples/Scriptable Render Pipeline Core/17.3.0/RendererShaderUserValue_Common/Materials/Soldier/FacialHairVAT.mat
  artifactKey: Guid(2372c25ed65c5b743bec353612c40a6f) Importer(815301076,1909f56bfc062723c751e8b465ee728b)
Start importing Assets/Samples/Scriptable Render Pipeline Core/17.3.0/RendererShaderUserValue_Common/Materials/Soldier/FacialHairVAT.mat using Guid(2372c25ed65c5b743bec353612c40a6f) Importer(815301076,1909f56bfc062723c751e8b465ee728b) (PreviewImporter) -> (artifact id: '3e327c301eafcd75f1f7f71d56df89ae') in 0.115688 seconds
Number of updated asset objects reloaded before import = 0Number of asset objects unloaded after import = 12

========================================================================
Received Import Request.
  Time since last request: 0.000072 seconds.
  path: Assets/Samples/Universal Render Pipeline/17.3.0/URP Package Samples/Shaders/Lit/Materials/HeightMapOn.mat
  artifactKey: Guid(db2f9e1b0d51c4244972d007409c5d1a) Importer(815301076,1909f56bfc062723c751e8b465ee728b)
Start importing Assets/Samples/Universal Render Pipeline/17.3.0/URP Package Samples/Shaders/Lit/Materials/HeightMapOn.mat using Guid(db2f9e1b0d51c4244972d007409c5d1a) Importer(815301076,1909f56bfc062723c751e8b465ee728b) (PreviewImporter) -> (artifact id: 'dfaac70ee356e36220da9e201916d167') in 5.9753073 seconds
Number of updated asset objects reloaded before import = 0Number of asset objects unloaded after import = 5

========================================================================
Received Import Request.
  Time since last request: 0.000082 seconds.
  path: Assets/line_pat.shadergraph
  artifactKey: Guid(3cf825d5e1f436149926b1fd548ee070) Importer(815301076,1909f56bfc062723c751e8b465ee728b)
Start importing Assets/line_pat.shadergraph using Guid(3cf825d5e1f436149926b1fd548ee070) Importer(815301076,1909f56bfc062723c751e8b465ee728b) (PreviewImporter) -> (artifact id: 'b7512922bf15d5b53c3f5c3054b6fac2') in 0.0441642 seconds
Number of updated asset objects reloaded before import = 0Number of asset objects unloaded after import = 4

========================================================================
Received Import Request.
  Time since last request: 0.000077 seconds.
  path: Assets/Samples/Scriptable Render Pipeline Core/17.3.0/RendererShaderUserValue_Common/Materials/Soldier/SoldierVAT.mat
  artifactKey: Guid(b5ccd77da932566479475ac25fb6a252) Importer(815301076,1909f56bfc062723c751e8b465ee728b)
Start importing Assets/Samples/Scriptable Render Pipeline Core/17.3.0/RendererShaderUserValue_Common/Materials/Soldier/SoldierVAT.mat using Guid(b5ccd77da932566479475ac25fb6a252) Importer(815301076,1909f56bfc062723c751e8b465ee728b) (PreviewImporter) -> (artifact id: '00ab3682843b8d36fad34e76e5cabdd0') in 0.1063677 seconds
Number of updated asset objects reloaded before import = 0Number of asset objects unloaded after import = 19

========================================================================
Received Import Request.
  Time since last request: 0.000063 seconds.
  path: Assets/Samples/Scriptable Render Pipeline Core/17.3.0/RendererShaderUserValue_Common/Materials/Soldier/HealthBar.mat
  artifactKey: Guid(b610c64c7db11204287bf01884027955) Importer(815301076,1909f56bfc062723c751e8b465ee728b)
Start importing Assets/Samples/Scriptable Render Pipeline Core/17.3.0/RendererShaderUserValue_Common/Materials/Soldier/HealthBar.mat using Guid(b610c64c7db11204287bf01884027955) Importer(815301076,1909f56bfc062723c751e8b465ee728b) (PreviewImporter) -> (artifact id: 'b35ac3c53153293cf52d2baef0c0ffe5') in 0.034281 seconds
Number of updated asset objects reloaded before import = 0Number of asset objects unloaded after import = 7

========================================================================
Received Import Request.
  Time since last request: 0.000080 seconds.
  path: Assets/Samples/Scriptable Render Pipeline Core/17.3.0/Common/TextMesh Pro/Resources/Fonts & Materials/Inter-Regular.otf
  artifactKey: Guid(257ad62994dff0e41a952da8c10ef51d) Importer(815301076,1909f56bfc062723c751e8b465ee728b)
Start importing Assets/Samples/Scriptable Render Pipeline Core/17.3.0/Common/TextMesh Pro/Resources/Fonts & Materials/Inter-Regular.otf using Guid(257ad62994dff0e41a952da8c10ef51d) Importer(815301076,1909f56bfc062723c751e8b465ee728b) (PreviewImporter) -> (artifact id: '006e89bcf22e2da631c2583ef03b19c0') in 0.031422 seconds
Number of updated asset objects reloaded before import = 0Number of asset objects unloaded after import = 4

========================================================================
Received Import Request.
  Time since last request: 0.000051 seconds.
  path: Assets/Samples/Universal Render Pipeline/17.3.0/URP Package Samples/RendererFeatures/TrailEffect/DepthNormal.mat
  artifactKey: Guid(81575f7a6ac8d4be4b099acee34e7d76) Importer(815301076,1909f56bfc062723c751e8b465ee728b)
Start importing Assets/Samples/Universal Render Pipeline/17.3.0/URP Package Samples/RendererFeatures/TrailEffect/DepthNormal.mat using Guid(81575f7a6ac8d4be4b099acee34e7d76) Importer(815301076,1909f56bfc062723c751e8b465ee728b) (PreviewImporter) -> (artifact id: '3a8c958b2f4b74822b06d460e01fbae7') in 1.1500877 seconds
Number of updated asset objects reloaded before import = 0Number of asset objects unloaded after import = 6

========================================================================
Received Import Request.
  Time since last request: 0.000087 seconds.
  path: Assets/TextMesh Pro/Shaders/TMP_SDF-HDRP UNLIT.shadergraph
  artifactKey: Guid(f63d574838ccfb44f84acc05fed0af48) Importer(815301076,1909f56bfc062723c751e8b465ee728b)
Start importing Assets/TextMesh Pro/Shaders/TMP_SDF-HDRP UNLIT.shadergraph using Guid(f63d574838ccfb44f84acc05fed0af48) Importer(815301076,1909f56bfc062723c751e8b465ee728b) (PreviewImporter) -> (artifact id: 'a156ad675fab86979011e3ddfc47c272') in 0.0252499 seconds
Number of updated asset objects reloaded before import = 0Number of asset objects unloaded after import = 2

========================================================================
Received Import Request.
  Time since last request: 44.151112 seconds.
  path: Assets/Samples/Scriptable Render Pipeline Core/17.3.0/RendererShaderUserValue_Common/Materials/LookDev/Emissive_URP.mat
  artifactKey: Guid(aebdeb2951b9de949a5f1d504d16b9ab) Importer(815301076,1909f56bfc062723c751e8b465ee728b)
Start importing Assets/Samples/Scriptable Render Pipeline Core/17.3.0/RendererShaderUserValue_Common/Materials/LookDev/Emissive_URP.mat using Guid(aebdeb2951b9de949a5f1d504d16b9ab) Importer(815301076,1909f56bfc062723c751e8b465ee728b) (PreviewImporter) -> (artifact id: 'c6f3b695f6da34703660b691c51c440f') in 0.0418679 seconds
Number of updated asset objects reloaded before import = 0Number of asset objects unloaded after import = 6

========================================================================
Received Import Request.
  Time since last request: 3.998010 seconds.
  path: Assets/Samples/Universal Render Pipeline/17.3.0/URP Package Samples/RendererFeatures/GlitchEffect/Glitch_Material.mat
  artifactKey: Guid(de05057ec301e4ae3a2a80094c8d4a5e) Importer(815301076,1909f56bfc062723c751e8b465ee728b)
Start importing Assets/Samples/Universal Render Pipeline/17.3.0/URP Package Samples/RendererFeatures/GlitchEffect/Glitch_Material.mat using Guid(de05057ec301e4ae3a2a80094c8d4a5e) Importer(815301076,1909f56bfc062723c751e8b465ee728b) (PreviewImporter) -> (artifact id: '900b4b5d389494709b9b0efe07dd6bb4') in 1.1065855 seconds
Number of updated asset objects reloaded before import = 0Number of asset objects unloaded after import = 6

========================================================================
Received Import Request.
  Time since last request: 5.114756 seconds.
  path: Assets/Samples/Scriptable Render Pipeline Core/17.3.0/Common/Materials/Shaders/MaterialBall.shadergraph
  artifactKey: Guid(72e3d8f059617ed48896674bd7da8778) Importer(815301076,1909f56bfc062723c751e8b465ee728b)
Start importing Assets/Samples/Scriptable Render Pipeline Core/17.3.0/Common/Materials/Shaders/MaterialBall.shadergraph using Guid(72e3d8f059617ed48896674bd7da8778) Importer(815301076,1909f56bfc062723c751e8b465ee728b) (PreviewImporter) -> (artifact id: 'beb96bc17182e1601373a8c8a7a0f7e8') in 0.0684185 seconds
Number of updated asset objects reloaded before import = 0Number of asset objects unloaded after import = 4

========================================================================
Received Import Request.
  Time since last request: 0.000053 seconds.
  path: Assets/Samples/Universal Render Pipeline/17.3.0/URP Package Samples/Shaders/Lit/Materials/OcclusionOn.mat
  artifactKey: Guid(71d0ae4a494e24fc8842080c57cdeee7) Importer(815301076,1909f56bfc062723c751e8b465ee728b)
Start importing Assets/Samples/Universal Render Pipeline/17.3.0/URP Package Samples/Shaders/Lit/Materials/OcclusionOn.mat using Guid(71d0ae4a494e24fc8842080c57cdeee7) Importer(815301076,1909f56bfc062723c751e8b465ee728b) (PreviewImporter) -> (artifact id: '1e15c947fe913744f6e1f221fe8d42b7') in 6.2886338 seconds
Number of updated asset objects reloaded before import = 0Number of asset objects unloaded after import = 6

========================================================================
Received Import Request.
  Time since last request: 0.000070 seconds.
  path: Assets/Samples/Universal Render Pipeline/17.3.0/URP Package Samples/Decals/PaintSplat/PaintSplat_Mat.mat
  artifactKey: Guid(d77f7a4cdcb2643618b950c16172ddd2) Importer(815301076,1909f56bfc062723c751e8b465ee728b)
Start importing Assets/Samples/Universal Render Pipeline/17.3.0/URP Package Samples/Decals/PaintSplat/PaintSplat_Mat.mat using Guid(d77f7a4cdcb2643618b950c16172ddd2) Importer(815301076,1909f56bfc062723c751e8b465ee728b) (PreviewImporter) -> (artifact id: '6daa3d4c7f2ac74aea5a9e6f2a478e14') in 0.0371738 seconds
Number of updated asset objects reloaded before import = 0Number of asset objects unloaded after import = 2

========================================================================
Received Import Request.
  Time since last request: 0.000040 seconds.
  path: Assets/Samples/Scriptable Render Pipeline Core/17.3.0/Common/Materials/Shader Graphs_MaterialBall_Gold.mat
  artifactKey: Guid(8780c788c2482c846b2fd30c71d1a0f5) Importer(815301076,1909f56bfc062723c751e8b465ee728b)
Start importing Assets/Samples/Scriptable Render Pipeline Core/17.3.0/Common/Materials/Shader Graphs_MaterialBall_Gold.mat using Guid(8780c788c2482c846b2fd30c71d1a0f5) Importer(815301076,1909f56bfc062723c751e8b465ee728b) (PreviewImporter) -> (artifact id: '8a28acf02c3c0b4f710c9a8c0889a501') in 0.0492365 seconds
Number of updated asset objects reloaded before import = 0Number of asset objects unloaded after import = 5

========================================================================
Received Import Request.
  Time since last request: 0.000066 seconds.
  path: Assets/Samples/Scriptable Render Pipeline Core/17.3.0/Common/Materials/Samples_Tripod.mat
  artifactKey: Guid(d1b53c92617276f47b152a914d759d9b) Importer(815301076,1909f56bfc062723c751e8b465ee728b)
Start importing Assets/Samples/Scriptable Render Pipeline Core/17.3.0/Common/Materials/Samples_Tripod.mat using Guid(d1b53c92617276f47b152a914d759d9b) Importer(815301076,1909f56bfc062723c751e8b465ee728b) (PreviewImporter) -> (artifact id: 'cbc8cf9d01daf9622e1b71accf6b75a5') in 0.0608199 seconds
Number of updated asset objects reloaded before import = 0Number of asset objects unloaded after import = 8

========================================================================
Received Import Request.
  Time since last request: 0.000093 seconds.
  path: Assets/Samples/Scriptable Render Pipeline Core/17.3.0/Common/Materials/Samples_RoughSteel.mat
  artifactKey: Guid(55610f65dcca6294b9fc9386d9879d82) Importer(815301076,1909f56bfc062723c751e8b465ee728b)
Start importing Assets/Samples/Scriptable Render Pipeline Core/17.3.0/Common/Materials/Samples_RoughSteel.mat using Guid(55610f65dcca6294b9fc9386d9879d82) Importer(815301076,1909f56bfc062723c751e8b465ee728b) (PreviewImporter) -> (artifact id: 'f3301c2f7d198a1564e8f34b32688285') in 0.0600138 seconds
Number of updated asset objects reloaded before import = 0Number of asset objects unloaded after import = 8

========================================================================
Received Import Request.
  Time since last request: 0.000065 seconds.
  path: Assets/Samples/Universal Render Pipeline/17.3.0/URP Package Samples/RendererFeatures/DistortTunnel/Planet_Orange.mat
  artifactKey: Guid(9724f418e8a9b2e48aa634fb7f79f56a) Importer(815301076,1909f56bfc062723c751e8b465ee728b)
Start importing Assets/Samples/Universal Render Pipeline/17.3.0/URP Package Samples/RendererFeatures/DistortTunnel/Planet_Orange.mat using Guid(9724f418e8a9b2e48aa634fb7f79f56a) Importer(815301076,1909f56bfc062723c751e8b465ee728b) (PreviewImporter) -> (artifact id: '6477a28a0e8c3c4318c9b8f32815b606') in 0.0377476 seconds
Number of updated asset objects reloaded before import = 0Number of asset objects unloaded after import = 1

========================================================================
Received Import Request.
  Time since last request: 0.000045 seconds.
  path: Assets/Samples/Scriptable Render Pipeline Core/17.3.0/Common/TextMesh Pro/Resources/Fonts & Materials/SamplesLit_Inter.shadergraph
  artifactKey: Guid(f8605069e61e60e4685c8e97ead17a56) Importer(815301076,1909f56bfc062723c751e8b465ee728b)
Start importing Assets/Samples/Scriptable Render Pipeline Core/17.3.0/Common/TextMesh Pro/Resources/Fonts & Materials/SamplesLit_Inter.shadergraph using Guid(f8605069e61e60e4685c8e97ead17a56) Importer(815301076,1909f56bfc062723c751e8b465ee728b) (PreviewImporter) -> (artifact id: 'fefd212f2148fc45711e622059a4fb96') in 5.7807093 seconds
Number of updated asset objects reloaded before import = 0Number of asset objects unloaded after import = 7

========================================================================
Received Import Request.
  Time since last request: 230.085983 seconds.
  path: Assets/Samples/Universal Render Pipeline/17.3.0/URP Package Samples/SharedAssets/Settings/Global Volume Profile.asset
  artifactKey: Guid(ff8527d309d1d49598d1b259a43975d2) Importer(815301076,1909f56bfc062723c751e8b465ee728b)
Start importing Assets/Samples/Universal Render Pipeline/17.3.0/URP Package Samples/SharedAssets/Settings/Global Volume Profile.asset using Guid(ff8527d309d1d49598d1b259a43975d2) Importer(815301076,1909f56bfc062723c751e8b465ee728b) (PreviewImporter) -> (artifact id: '3ea89931871a3b8250fbc0a3211f993f') in 0.0047164 seconds
Number of updated asset objects reloaded before import = 0Number of asset objects unloaded after import = 5

========================================================================
Received Import Request.
  Time since last request: 0.000053 seconds.
  path: Assets/Samples/Universal Render Pipeline/17.3.0/URP Package Samples/CameraStacking/SplitScreen/SplitScreen/PostProcessingVolume Profile.asset
  artifactKey: Guid(e10cacc3198ea43f08f0ecfaa0435918) Importer(815301076,1909f56bfc062723c751e8b465ee728b)
Start importing Assets/Samples/Universal Render Pipeline/17.3.0/URP Package Samples/CameraStacking/SplitScreen/SplitScreen/PostProcessingVolume Profile.asset using Guid(e10cacc3198ea43f08f0ecfaa0435918) Importer(815301076,1909f56bfc062723c751e8b465ee728b) (PreviewImporter) -> (artifact id: '79633286ff417fe66c983934eae5212b') in 0.0032365 seconds
Number of updated asset objects reloaded before import = 0Number of asset objects unloaded after import = 6

========================================================================
Received Import Request.
  Time since last request: 7.048483 seconds.
  path: Assets/Scenes/SampleScene/Global Volume Profile.asset
  artifactKey: Guid(5f55725af9d91bf40b7ccbb60fe6a610) Importer(2089858483,b0f066a214c2f5e87bad3c948f4d605d)
Start importing Assets/Scenes/SampleScene/Global Volume Profile.asset using Guid(5f55725af9d91bf40b7ccbb60fe6a610) Importer(2089858483,b0f066a214c2f5e87bad3c948f4d605d) (ScriptedImporter) -> (artifact id: '656262f602843570bc9a7bafd75d54d0') in 0.0284563 seconds
Number of updated asset objects reloaded before import = 0Number of asset objects unloaded after import = 1

========================================================================
Received Import Request.
  Time since last request: 3174.266554 seconds.
  path: Assets/materials/Shader Graphs_celshading.mat
  artifactKey: Guid(df21875fdf73dbb4facfbcca76c810ec) Importer(815301076,1909f56bfc062723c751e8b465ee728b)
Start importing Assets/materials/Shader Graphs_celshading.mat using Guid(df21875fdf73dbb4facfbcca76c810ec) Importer(815301076,1909f56bfc062723c751e8b465ee728b) (PreviewImporter) -> (artifact id: '49c03ac1a136c9a1276906e8ec3e9a9a') in 0.0446785 seconds
Number of updated asset objects reloaded before import = 0Number of asset objects unloaded after import = 5

========================================================================
Received Import Request.
  Time since last request: 0.740446 seconds.
  path: Assets/Samples/Universal Render Pipeline/17.3.0/URP Package Samples/SharedAssets/Settings/Global Volume Profile.asset
  artifactKey: Guid(ff8527d309d1d49598d1b259a43975d2) Importer(2089858483,b0f066a214c2f5e87bad3c948f4d605d)
Start importing Assets/Samples/Universal Render Pipeline/17.3.0/URP Package Samples/SharedAssets/Settings/Global Volume Profile.asset using Guid(ff8527d309d1d49598d1b259a43975d2) Importer(2089858483,b0f066a214c2f5e87bad3c948f4d605d) (ScriptedImporter) -> (artifact id: 'eb3930db34a31c5ce68897c9029a6932') in 0.0314341 seconds
Number of updated asset objects reloaded before import = 0Number of asset objects unloaded after import = 5

========================================================================
Received Import Request.
  Time since last request: 0.000056 seconds.
  path: Assets/materials/Mat_EnergyField _light.mat
  artifactKey: Guid(b5ace089b3bb09e4782c3403af78ff40) Importer(2089858483,b0f066a214c2f5e87bad3c948f4d605d)
Start importing Assets/materials/Mat_EnergyField _light.mat using Guid(b5ace089b3bb09e4782c3403af78ff40) Importer(2089858483,b0f066a214c2f5e87bad3c948f4d605d) (ScriptedImporter) -> (artifact id: '5acd440b08ad0701bedb5b210d570968') in 0.0352371 seconds
Number of updated asset objects reloaded before import = 0Number of asset objects unloaded after import = 2

========================================================================
Received Import Request.
  Time since last request: 1853.225217 seconds.
  path: Assets/Prefabs/EnergyField 1.prefab
  artifactKey: Guid(b0ee18864fc1bab48970aa07a439acd7) Importer(815301076,1909f56bfc062723c751e8b465ee728b)
Start importing Assets/Prefabs/EnergyField 1.prefab using Guid(b0ee18864fc1bab48970aa07a439acd7) Importer(815301076,1909f56bfc062723c751e8b465ee728b) (PreviewImporter) -> (artifact id: 'ce3ee1c8a9210555de873c8029139e07') in 0.1779706 seconds
Number of updated asset objects reloaded before import = 0Number of asset objects unloaded after import = 23

========================================================================
Received Import Request.
  Time since last request: 0.644860 seconds.
  path: Assets/materials/materials_spin_coral/Mat_Coral_Helice_2.mat
  artifactKey: Guid(ed38b4f43a20c2045835627ceab8ce75) Importer(2089858483,b0f066a214c2f5e87bad3c948f4d605d)
Start importing Assets/materials/materials_spin_coral/Mat_Coral_Helice_2.mat using Guid(ed38b4f43a20c2045835627ceab8ce75) Importer(2089858483,b0f066a214c2f5e87bad3c948f4d605d) (ScriptedImporter) -> (artifact id: 'd45073f14cd9decf8a36f6c827bc7232') in 0.0312574 seconds
Number of updated asset objects reloaded before import = 0Number of asset objects unloaded after import = 1

========================================================================
Received Import Request.
  Time since last request: 0.000036 seconds.
  path: Assets/materials/materials_spin_coral
  artifactKey: Guid(51255ad5a99130d41b461556ae4cfc62) Importer(2089858483,b0f066a214c2f5e87bad3c948f4d605d)
Start importing Assets/materials/materials_spin_coral using Guid(51255ad5a99130d41b461556ae4cfc62) Importer(2089858483,b0f066a214c2f5e87bad3c948f4d605d) (ScriptedImporter) -> (artifact id: 'cac64a7a3e869434646c4e0618de5504') in 0.0249001 seconds
Number of updated asset objects reloaded before import = 0Number of asset objects unloaded after import = 1

========================================================================
Received Import Request.
  Time since last request: 0.000062 seconds.
  path: Assets/materials/Mat_EnergyField.mat
  artifactKey: Guid(0f43b740819b51848b32855438e27753) Importer(2089858483,b0f066a214c2f5e87bad3c948f4d605d)
Start importing Assets/materials/Mat_EnergyField.mat using Guid(0f43b740819b51848b32855438e27753) Importer(2089858483,b0f066a214c2f5e87bad3c948f4d605d) (ScriptedImporter) -> (artifact id: '4c534209d14a29326be9a9c544af3e83') in 0.0280144 seconds
Number of updated asset objects reloaded before import = 0Number of asset objects unloaded after import = 1

========================================================================
Received Import Request.
  Time since last request: 4.695216 seconds.
  path: Assets/materials/materials_spin_coral/Mat_Outline.mat
  artifactKey: Guid(55e30908312a71c419671cc4f875e0d7) Importer(815301076,1909f56bfc062723c751e8b465ee728b)
Start importing Assets/materials/materials_spin_coral/Mat_Outline.mat using Guid(55e30908312a71c419671cc4f875e0d7) Importer(815301076,1909f56bfc062723c751e8b465ee728b) (PreviewImporter) -> (artifact id: 'a4245ca8b577d7a15869729b1b801439') in 0.039159 seconds
Number of updated asset objects reloaded before import = 0Number of asset objects unloaded after import = 1

========================================================================
Received Import Request.
  Time since last request: 3.920289 seconds.
  path: Assets/materials/Mat_EnergyField _light.mat
  artifactKey: Guid(b5ace089b3bb09e4782c3403af78ff40) Importer(815301076,1909f56bfc062723c751e8b465ee728b)
Start importing Assets/materials/Mat_EnergyField _light.mat using Guid(b5ace089b3bb09e4782c3403af78ff40) Importer(815301076,1909f56bfc062723c751e8b465ee728b) (PreviewImporter) -> (artifact id: '95832b4b8b21f40349d2005b74b8765f') in 0.0431281 seconds
Number of updated asset objects reloaded before import = 0Number of asset objects unloaded after import = 2

========================================================================
Received Import Request.
  Time since last request: 137.978550 seconds.
  path: Assets/Prefabs/coral.fbx
  artifactKey: Guid(4d1adefac30961a4b8a64f36515bfc65) Importer(815301076,1909f56bfc062723c751e8b465ee728b)
Start importing Assets/Prefabs/coral.fbx using Guid(4d1adefac30961a4b8a64f36515bfc65) Importer(815301076,1909f56bfc062723c751e8b465ee728b) (PreviewImporter) -> (artifact id: 'd11a2a14005d723d620774ad7e35db5d') in 0.1072738 seconds
Number of updated asset objects reloaded before import = 0Number of asset objects unloaded after import = 9

========================================================================
Received Import Request.
  Time since last request: 0.694615 seconds.
  path: Assets/Prefabs/starfish.fbx
  artifactKey: Guid(00c768a25ffe66e41b279d805450d5d2) Importer(2089858483,b0f066a214c2f5e87bad3c948f4d605d)
Start importing Assets/Prefabs/starfish.fbx using Guid(00c768a25ffe66e41b279d805450d5d2) Importer(2089858483,b0f066a214c2f5e87bad3c948f4d605d) (ScriptedImporter) -> (artifact id: 'ca4d13a8fbe86b9bbf7d134d684c2851') in 0.247617 seconds
Number of updated asset objects reloaded before import = 0Number of asset objects unloaded after import = 9

========================================================================
Received Import Request.
  Time since last request: 0.000084 seconds.
  path: Assets/materials/materials_starfish/Mat_Estrella_2.mat
  artifactKey: Guid(c8af004b1053b4f4abd461fec042120d) Importer(2089858483,b0f066a214c2f5e87bad3c948f4d605d)
Start importing Assets/materials/materials_starfish/Mat_Estrella_2.mat using Guid(c8af004b1053b4f4abd461fec042120d) Importer(2089858483,b0f066a214c2f5e87bad3c948f4d605d) (ScriptedImporter) -> (artifact id: 'a433efb69e7432b38504e1ae8821c714') in 0.0312421 seconds
Number of updated asset objects reloaded before import = 0Number of asset objects unloaded after import = 1

========================================================================
Received Import Request.
  Time since last request: 2.424464 seconds.
  path: Assets/materials/materials_starfish/Mat_Outline.mat
  artifactKey: Guid(0b9eda5d0799f424ba8ada6a431ed2b1) Importer(815301076,1909f56bfc062723c751e8b465ee728b)
Start importing Assets/materials/materials_starfish/Mat_Outline.mat using Guid(0b9eda5d0799f424ba8ada6a431ed2b1) Importer(815301076,1909f56bfc062723c751e8b465ee728b) (PreviewImporter) -> (artifact id: 'b579c948579adb1deba6c6131d59db3f') in 0.0351498 seconds
Number of updated asset objects reloaded before import = 0Number of asset objects unloaded after import = 1

========================================================================
Received Import Request.
  Time since last request: 81.322013 seconds.
  path: Assets/Prefabs/jellyfish.fbx
  artifactKey: Guid(af3658af3b9c7014e8722539fe46c67a) Importer(815301076,1909f56bfc062723c751e8b465ee728b)
Start importing Assets/Prefabs/jellyfish.fbx using Guid(af3658af3b9c7014e8722539fe46c67a) Importer(815301076,1909f56bfc062723c751e8b465ee728b) (PreviewImporter) -> (artifact id: '3489474c68c3a8f615d6875c4c9e8b59') in 0.0876161 seconds
Number of updated asset objects reloaded before import = 0Number of asset objects unloaded after import = 112

========================================================================
Received Import Request.
  Time since last request: 0.783152 seconds.
  path: Assets/materials/materials_jellyfish
  artifactKey: Guid(2d3e592e70b152242973a8cb9e902093) Importer(2089858483,b0f066a214c2f5e87bad3c948f4d605d)
Start importing Assets/materials/materials_jellyfish using Guid(2d3e592e70b152242973a8cb9e902093) Importer(2089858483,b0f066a214c2f5e87bad3c948f4d605d) (ScriptedImporter) -> (artifact id: '0bae4135a67ba183cd550b2344cf1985') in 0.0286587 seconds
Number of updated asset objects reloaded before import = 0Number of asset objects unloaded after import = 1

========================================================================
Received Import Request.
  Time since last request: 0.000064 seconds.
  path: Assets/Prefabs/jellyfish.fbx
  artifactKey: Guid(af3658af3b9c7014e8722539fe46c67a) Importer(2089858483,b0f066a214c2f5e87bad3c948f4d605d)
Start importing Assets/Prefabs/jellyfish.fbx using Guid(af3658af3b9c7014e8722539fe46c67a) Importer(2089858483,b0f066a214c2f5e87bad3c948f4d605d) (ScriptedImporter) -> (artifact id: 'a742446315e418d07f7eda66854ee250') in 0.0370021 seconds
Number of updated asset objects reloaded before import = 0Number of asset objects unloaded after import = 110

========================================================================
Received Import Request.
  Time since last request: 0.000076 seconds.
  path: Assets/materials/materials_jellyfish/Mat_Medusa_1.mat
  artifactKey: Guid(1adff638298270949b5a3c43b709ec4a) Importer(2089858483,b0f066a214c2f5e87bad3c948f4d605d)
Start importing Assets/materials/materials_jellyfish/Mat_Medusa_1.mat using Guid(1adff638298270949b5a3c43b709ec4a) Importer(2089858483,b0f066a214c2f5e87bad3c948f4d605d) (ScriptedImporter) -> (artifact id: '6350033867604425a901c64b43fa7b96') in 0.0297448 seconds
Number of updated asset objects reloaded before import = 0Number of asset objects unloaded after import = 1

========================================================================
Received Import Request.
  Time since last request: 0.000054 seconds.
  path: Assets/materials/materials_starfish/Mat_Outline.mat
  artifactKey: Guid(0b9eda5d0799f424ba8ada6a431ed2b1) Importer(2089858483,b0f066a214c2f5e87bad3c948f4d605d)
Start importing Assets/materials/materials_starfish/Mat_Outline.mat using Guid(0b9eda5d0799f424ba8ada6a431ed2b1) Importer(2089858483,b0f066a214c2f5e87bad3c948f4d605d) (ScriptedImporter) -> (artifact id: '06faa7176085b6bc8fd30fd6ba34fcf1') in 0.0282527 seconds
Number of updated asset objects reloaded before import = 0Number of asset objects unloaded after import = 1

========================================================================
Received Import Request.
  Time since last request: 0.902690 seconds.
  path: Assets/materials/materials_starfish/Mat_Outline.mat
  artifactKey: Guid(0b9eda5d0799f424ba8ada6a431ed2b1) Importer(815301076,1909f56bfc062723c751e8b465ee728b)
Start importing Assets/materials/materials_starfish/Mat_Outline.mat using Guid(0b9eda5d0799f424ba8ada6a431ed2b1) Importer(815301076,1909f56bfc062723c751e8b465ee728b) (PreviewImporter) -> (artifact id: '6a74693e5b30d9592a05aad72128e4dd') in 0.0308198 seconds
Number of updated asset objects reloaded before import = 0Number of asset objects unloaded after import = 1

========================================================================
Received Import Request.
  Time since last request: 2.129356 seconds.
  path: Assets/materials/materials_jellyfish/Mat_Medusa_1.mat
  artifactKey: Guid(1adff638298270949b5a3c43b709ec4a) Importer(815301076,1909f56bfc062723c751e8b465ee728b)
Start importing Assets/materials/materials_jellyfish/Mat_Medusa_1.mat using Guid(1adff638298270949b5a3c43b709ec4a) Importer(815301076,1909f56bfc062723c751e8b465ee728b) (PreviewImporter) -> (artifact id: '00f548f30ed7f00126a3630582f7c709') in 0.0377188 seconds
Number of updated asset objects reloaded before import = 0Number of asset objects unloaded after import = 1

========================================================================
Received Import Request.
  Time since last request: 15.467044 seconds.
  path: Assets/materials/materials_jellyfish/Mat_Outline.mat
  artifactKey: Guid(6ddd4c788d81425489640153a9fd12fe) Importer(2089858483,b0f066a214c2f5e87bad3c948f4d605d)
Start importing Assets/materials/materials_jellyfish/Mat_Outline.mat using Guid(6ddd4c788d81425489640153a9fd12fe) Importer(2089858483,b0f066a214c2f5e87bad3c948f4d605d) (ScriptedImporter) -> (artifact id: '1ede5874427e3347e4f109bbee5f245f') in 0.0269963 seconds
Number of updated asset objects reloaded before import = 0Number of asset objects unloaded after import = 1

